============================= test session starts ==============================
platform darwin -- Python 3.11.12, pytest-9.0.2, pluggy-1.6.0
Korev Evidence Test Harness:
  Network Guard: ACTIVE (real LiteLLM calls blocked)
  Strict Fixtures: disabled
  Record Mode: disabled
rootdir: /Users/aminemohamed/Desktop/APP/KOREV_Oracle/KOREV_Oracle
configfile: pytest.ini
plugins: anyio-4.12.1, asyncio-1.3.0, langsmith-0.3.45, typeguard-4.4.4, jaxtyping-0.3.6, zarr-3.1.5, cov-7.0.0
asyncio: mode=Mode.AUTO, debug=False, asyncio_default_fixture_loop_scope=None, asyncio_default_test_loop_scope=function
collected 3956 items

<Dir KOREV_Oracle>
  <Package tests>
    <Package chat_personalization>
      <Module test_chat_style.py>
        <Class TestT01_ModuleExists>
          <Function test_build_style_instruction_importable>
          <Function test_build_style_instruction_returns_str>
          <Function test_build_style_instruction_non_empty>
        <Class TestT02_DefaultNeutral>
          <Function test_empty_settings_returns_valid_instruction>
          <Function test_none_settings_returns_valid_instruction>
          <Function test_empty_settings_implies_vouvoiement>
        <Class TestT03_AddressMode>
          <Function test_tu_true_contains_tutoiement_instruction>
          <Function test_tu_false_contains_vouvoiement_instruction>
        <Class TestT04_ToneValues>
          <Function test_valid_tone_produces_non_empty_instruction[formel]>
          <Function test_valid_tone_produces_non_empty_instruction[cordial]>
          <Function test_valid_tone_produces_non_empty_instruction[direct]>
          <Function test_valid_tone_produces_non_empty_instruction[bienveillant]>
          <Function test_invalid_tone_fallback_to_cordial>
        <Class TestT05_HumanizationValues>
          <Function test_valid_humanization_produces_non_empty_instruction[minimal]>
          <Function test_valid_humanization_produces_non_empty_instruction[modere]>
          <Function test_valid_humanization_produces_non_empty_instruction[eleve]>
        <Class TestT06_VerbosityValues>
          <Function test_valid_verbosity_produces_non_empty_instruction[concise]>
          <Function test_valid_verbosity_produces_non_empty_instruction[equilibre]>
          <Function test_valid_verbosity_produces_non_empty_instruction[detaille]>
        <Class TestT07_NoInjection>
          <Function test_result_contains_no_raw_curly_braces_for_format>
        <Class TestT08_CombinationCoverage>
          <Function test_all_combinations_produce_non_empty>
        <Class TestT11_ChatPersona>
          <Function test_valid_persona_produces_non_empty[homme]>
          <Function test_valid_persona_produces_non_empty[femme]>
          <Function test_valid_persona_produces_non_empty[ia]>
          <Function test_persona_homme_contains_masculin>
          <Function test_persona_femme_contains_feminin>
          <Function test_invalid_persona_fallback_to_ia>
        <Class TestT12_ChatAiName>
          <Function test_ai_name_empty_produces_valid_instruction>
          <Function test_ai_name_non_empty_contains_name>
          <Function test_ai_name_sanitized_dangerous_chars_removed>
          <Function test_ai_name_max_30_truncated>
      <Module test_chat_style_extension.py>
        <Class TestT08_ExtensionExists>
          <Function test_chat_style_extension_importable>
          <Function test_chat_style_extension_has_execute>
        <Class TestT09_InjectionAtStart>
          <Coroutine test_extension_prepends_to_system_prompt>
          <Coroutine test_extension_inserts_at_index_zero>
        <Class TestT10_ToolCallUnchanged>
          <Coroutine test_style_block_does_not_contain_tool_schema_override>
    <Package e2e>
      <Module test_e2e_scenarios.py>
        <Class TestInvestorDossier>
          <Function test_investor_dossier_handles_contradictions>
          <Function test_investor_audit_trail_complete>
        <Class TestLegalContract>
          <Function test_legal_contract_prudent_output>
          <Function test_legal_sources_tracked>
        <Class TestFinanceIncoherent>
          <Function test_finance_inconsistency_detected>
          <Function test_finance_all_sources_compared>
        <Class TestPromptInjection>
          <Function test_injection_patterns_in_fixture>
          <Function test_injection_does_not_alter_behavior>
          <Function test_final_output_sanitized>
        <Class TestDegradedMode>
          <Function test_degraded_mode_fails_safe>
          <Function test_degraded_no_false_approve>
        <Class TestIdempotence>
          <Function test_same_input_same_output>
          <Function test_hash_consistency>
        <Class TestAllScenariosComplete>
          <Function test_all_fixtures_runnable>
      <Module test_multi_user_e2e.py>
        <Class TestT17_DockerVolume>
          <Function test_shared_root_structure_after_logins>
          <Function test_audit_directory_exists>
        <Class TestT18_SimultaneousUsers>
          <Function test_two_users_different_sessions>
          <Function test_marie_file_invisible_to_jean>
          <Function test_both_users_share_commun>
          <Function test_cross_user_write_rejected>
        <Class TestT19_FileWorkflow>
          <Function test_full_workflow>
          <Function test_report_output_dir_correct>
        <Class TestT20_RetroCompatibility>
          <Function test_mono_login_works>
          <Function test_mono_session_has_username>
          <Function test_mono_no_workspace>
          <Function test_healthz_still_works>
          <Function test_protected_routes_still_redirect>
    <Package property>
      <Module test_invariants.py>
        <Class TestVoteOrderInvariance>
          <Function test_order_invariance_all_approve>
          <Function test_order_invariance_mixed>
          <Function test_order_invariance_rejection>
        <Class TestNoiseRobustness>
          <Function test_unavailable_votes_dont_flip_result>
          <Function test_abstain_votes_neutral>
        <Class TestMonotonicity>
          <Function test_adding_approve_never_causes_reject>
          <Function test_monotonic_approval_progression>
        <Class TestDeterminism>
          <Function test_same_votes_same_result>
          <Function test_deterministic_across_instances>
        <Class TestQuorumThreshold>
          <Function test_below_quorum_no_approval>
        <Class TestFailClosed>
          <Function test_uncertainty_leads_to_rejection>
    <Package security>
      <Module test_auth.py>
        <Class TestPasswordHashing>
          <Function test_hash_password_returns_argon2_hash>
          <Function test_hash_password_not_equal_to_plaintext>
          <Function test_hash_password_is_unique_per_call>
          <Function test_hash_password_rejects_empty>
          <Function test_is_password_hashed_detects_argon2>
        <Class TestPasswordVerification>
          <Function test_verify_correct_password_returns_true>
          <Function test_verify_wrong_password_returns_false>
          <Function test_verify_rejects_plaintext_stored_hash>
          <Function test_verify_handles_empty_inputs>
        <Class TestTimingSafety>
          <Function test_verify_timing_is_consistent>
        <Class TestRehashDetection>
          <Function test_needs_rehash_for_old_parameters>
          <Function test_needs_rehash_for_plaintext>
        <Class TestLoginIntegration>
          <Function test_login_uses_hashed_password_comparison>
      <Module test_authorization_policy.py>
        <Function test_owner_can_access_same_org_context>
        <Function test_member_cannot_access_other_member_context>
        <Function test_cross_org_always_denied>
        <Function test_legacy_unscoped_context_denied_for_authenticated_user>
        <Function test_task_policy_same_as_context_policy>
        <Function test_workspace_policy_enforces_exact_workspace>
        <Function test_expired_or_anonymous_session_is_denied_for_scoped_resources>
        <Function test_deleted_or_malformed_principal_without_org_is_denied>
      <Module test_document_query_injection.py>
        <Class TestExpressionInjectionDocumentQuery>
          <Coroutine test_single_quote_breakout_tautology>
          <Coroutine test_single_quote_breakout_or_1_eq_1>
          <Coroutine test_boolean_operator_injection>
          <Coroutine test_function_call_injection>
          <Coroutine test_nested_quotes_injection>
          <Coroutine test_null_byte_injection>
          <Coroutine test_unicode_homoglyph_quote>
          <Coroutine test_legitimate_uri_still_works>
          <Coroutine test_legitimate_uri_with_special_chars>
          <Coroutine test_nonexistent_uri_returns_empty>
          <Coroutine test_delete_document_injection>
          <Coroutine test_search_document_filter_injection>
        <Class TestDocumentQAFilterInjection>
          <Function test_multi_uri_filter_build_safety>
          <Function test_multi_uri_filter_legitimate_match>
          <Function test_old_vulnerable_pattern_would_still_inject>
      <Module test_file_writer_path_traversal.py>
        <Class TestReadIncludeFilePathTraversal>
          <Function test_absolute_path_etc_passwd>
          <Function test_absolute_path_etc_shadow>
          <Function test_absolute_path_arbitrary_sensitive>
          <Function test_relative_traversal_etc_passwd>
          <Function test_relative_traversal_from_project>
          <Function test_traversal_within_allowed_prefix>
          <Function test_traversal_allowed_prefix_to_sibling_dir>
          <Function test_home_directory_ssh_key>
          <Function test_home_directory_env_file>
          <Function test_git_config_read>
          <Function test_null_byte_truncation>
          <Function test_double_url_encoding>
          <Function test_windows_style_traversal>
        <Class TestResolveIncludesIntegration>
          <Function test_include_etc_passwd_directive>
          <Function test_include_traversal_directive>
          <Function test_multiple_malicious_includes>
          <Function test_mixed_legitimate_and_malicious>
        <Class TestLegitimateIncludes>
          <Function test_include_from_uploads>
          <Function test_include_from_docs>
          <Function test_include_from_tmp_generated>
          <Function test_basename_lookup_in_allowed_dirs>
        <Class TestEdgeCases>
          <Function test_empty_path>
          <Function test_whitespace_path>
          <Function test_very_long_path>
          <Function test_path_with_newlines>
          <Function test_no_include_directives>
          <Function test_include_nonexistent_file>
      <Module test_file_writer_scoped_output.py>
        <Coroutine test_file_writer_falls_back_to_user_workspace_when_workspace_missing>
      <Module test_image_get_path.py>
        <Class TestImageGetPathTraversal>
          <Coroutine test_absolute_etc_passwd>
          <Coroutine test_relative_traversal>
          <Coroutine test_docker_prefix_traversal>
          <Coroutine test_app_prefix_traversal>
          <Coroutine test_null_byte>
          <Coroutine test_double_slash_bypass>
          <Coroutine test_backslash_traversal>
          <Coroutine test_git_config>
          <Coroutine test_env_file>
          <Coroutine test_empty_path>
        <Class TestImageGetLegitimate>
          <Coroutine test_legitimate_generated_image>
          <Coroutine test_legitimate_upload_image>
          <Coroutine test_legitimate_with_korev_prefix>
          <Coroutine test_generated_images_own_user_allowed>
          <Coroutine test_generated_images_other_user_denied>
          <Coroutine test_generated_images_admin_may_cross_user>
      <Module test_ip.py>
        <Class TestIsValidIp>
          <Function test_valid_ipv4_addresses[192.168.1.1]>
          <Function test_valid_ipv4_addresses[10.0.0.1]>
          <Function test_valid_ipv4_addresses[172.16.0.1]>
          <Function test_valid_ipv4_addresses[127.0.0.1]>
          <Function test_valid_ipv4_addresses[0.0.0.0]>
          <Function test_valid_ipv4_addresses[255.255.255.255]>
          <Function test_valid_ipv4_addresses[8.8.8.8]>
          <Function test_valid_ipv6_addresses[::1]>
          <Function test_valid_ipv6_addresses[fe80::1]>
          <Function test_valid_ipv6_addresses[2001:db8::1]>
          <Function test_valid_ipv6_addresses[::ffff:192.168.1.1]>
          <Function test_invalid_ip_addresses_rejected[]>
          <Function test_invalid_ip_addresses_rejected[None]>
          <Function test_invalid_ip_addresses_rejected[invalid]>
          <Function test_invalid_ip_addresses_rejected[192.168.1]>
          <Function test_invalid_ip_addresses_rejected[192.168.1.1.1]>
          <Function test_invalid_ip_addresses_rejected[256.1.1.1]>
          <Function test_invalid_ip_addresses_rejected[192.168.1.a]>
          <Function test_invalid_ip_addresses_rejected[192.168.1.-1]>
          <Function test_invalid_ip_addresses_rejected[not.an.ip]>
          <Function test_invalid_ip_addresses_rejected[javascript:alert(1)]>
          <Function test_invalid_ip_addresses_rejected[<script>]>
        <Class TestGetClientIpNoProxy>
          <Function test_uses_remote_addr_when_no_proxy>
          <Function test_ignores_xff_when_proxy_disabled>
          <Function test_returns_fallback_for_invalid_remote_addr>
        <Class TestGetClientIpWithProxy>
          <Function test_uses_xff_first_hop_when_behind_proxy>
          <Function test_uses_x_real_ip_if_xff_empty>
          <Function test_rejects_invalid_xff_ips>
          <Function test_falls_back_to_remote_addr_if_all_invalid>
        <Class TestParseForwardedFor>
          <Function test_parses_single_ip>
          <Function test_parses_multiple_ips>
          <Function test_filters_invalid_ips>
          <Function test_empty_string_returns_empty_list>
          <Function test_handles_whitespace>
        <Class TestIsLoopback>
          <Function test_loopback_addresses_detected[127.0.0.1]>
          <Function test_loopback_addresses_detected[127.0.0.2]>
          <Function test_loopback_addresses_detected[127.255.255.255]>
          <Function test_loopback_addresses_detected[::1]>
          <Function test_loopback_addresses_detected[localhost]>
          <Function test_non_loopback_addresses[192.168.1.1]>
          <Function test_non_loopback_addresses[10.0.0.1]>
          <Function test_non_loopback_addresses[8.8.8.8]>
          <Function test_non_loopback_addresses[::ffff:192.168.1.1]>
        <Class TestNormalizeIp>
          <Function test_ipv4_unchanged>
          <Function test_ipv4_mapped_ipv6_converted>
          <Function test_lowercased>
          <Function test_stripped>
          <Function test_empty_returns_fallback>
        <Class TestIsBehindProxy>
          <Function test_detects_proxy_from_env>
      <Module test_login_rate_limit_e2e.py>
        <Class TestLoginRateLimitE2E>
          <Function test_login_returns_429_after_limit_exceeded>
          <Function test_429_response_includes_retry_after_header>
          <Function test_429_response_includes_rate_limit_headers>
          <Function test_successful_login_resets_rate_limit>
          <Function test_different_ips_have_separate_limits>
        <Class TestLoginRateLimitWithTimeControl>
          <Function test_rate_limit_window_expires_and_allows_retry>
          <Function test_backoff_increases_on_repeated_violations>
          <Function test_rate_limit_persists_across_requests>
        <Class TestRateLimitHeaders>
          <Function test_429_body_contains_wait_message>
      <Module test_multi_user_auth.py>
        <Class TestT01_ValidLogin>
          <Function test_authenticate_valid_user_marie>
          <Function test_authenticate_valid_user_admin>
          <Function test_authenticate_returns_no_password_hash>
          <Function test_list_users>
          <Function test_get_user_role>
        <Class TestT02_InvalidLogin>
          <Function test_wrong_password>
          <Function test_unknown_user>
          <Function test_empty_password>
          <Function test_empty_username>
          <Function test_none_credentials>
        <Class TestT03_PlaintextRejection>
          <Function test_plaintext_password_rejected_strict>
          <Function test_plaintext_password_warning_non_strict>
        <Class TestT04_MonoUserFallback>
          <Function test_no_users_json_uses_env>
          <Function test_mono_user_authenticate>
          <Function test_mono_user_wrong_password>
          <Function test_no_auth_at_all>
      <Module test_multi_user_flask.py>
        <Class TestMultiUserFlaskLogin>
          <Function test_login_page_returns_200>
          <Function test_valid_login_redirects>
          <Function test_session_contains_username>
          <Function test_session_contains_workspace>
          <Function test_invalid_login_stays_on_login>
          <Function test_admin_login_gets_admin_role>
          <Function test_logout_clears_session>
          <Function test_protected_route_requires_login>
        <Class TestMonoUserFlaskFallback>
          <Function test_mono_user_login_works>
          <Function test_mono_user_session_has_admin_role>
      <Module test_notification_scope.py>
        <Function test_notification_visibility_is_scoped>
        <Function test_mark_read_refuses_cross_scope>
        <Function test_unscoped_notification_is_rejected>
        <Function test_unscoped_helpers_return_nothing>
      <Module test_observability_metrics_api.py>
        <Coroutine test_observability_metrics_api_returns_snapshot>
      <Module test_observability_runtime.py>
        <Function test_notification_observability_logs_and_correlation>
        <Coroutine test_notification_mark_read_denied_emits_log>
      <Module test_path_safety.py>
        <Class TestSafePathJoin>
          <Function test_simple_path_works>
          <Function test_traversal_dotdot_blocked>
          <Function test_traversal_multiple_dotdot_blocked>
          <Function test_traversal_encoded_blocked>
          <Function test_absolute_path_outside_blocked>
          <Function test_symlink_outside_blocked>
          <Function test_symlink_allowed_when_enabled>
          <Function test_null_byte_injection_blocked>
          <Function test_must_exist_enforced>
          <Function test_leading_slash_stripped>
        <Class TestValidatePathInBase>
          <Function test_path_in_base_returns_true>
          <Function test_path_outside_base_returns_false>
          <Function test_traversal_returns_false>
        <Class TestSanitizeFilename>
          <Function test_normal_filename_unchanged>
          <Function test_path_separators_replaced>
          <Function test_leading_dots_removed>
          <Function test_dotdot_blocked>
          <Function test_empty_after_sanitize_blocked>
          <Function test_null_bytes_removed>
        <Class TestPropertyBased>
          <Function test_traversal_variants_blocked[../etc/passwd]>
          <Function test_traversal_variants_blocked[..\\..\\windows\\system32]>
          <Function test_traversal_variants_blocked[foo/../../../etc/passwd]>
          <Function test_traversal_variants_blocked[....//....//etc/passwd]>
          <Function test_traversal_variants_blocked[./../.../../etc/passwd]>
          <Function test_traversal_variants_blocked[/absolute/path]>
          <Function test_traversal_variants_blocked[valid/../../escape]>
          <Function test_traversal_variants_blocked[foo/bar/../../../baz]>
          <Function test_safe_paths_allowed[file.txt]>
          <Function test_safe_paths_allowed[subdir/file.txt]>
          <Function test_safe_paths_allowed[a/b/c/d/e.txt]>
          <Function test_safe_paths_allowed[file-with-dashes.txt]>
          <Function test_safe_paths_allowed[file_with_underscores.txt]>
          <Function test_safe_paths_allowed[UPPERCASE.TXT]>
          <Function test_safe_paths_allowed[MixedCase.Txt]>
      <Module test_project_orphan_recovery.py>
        <Function test_missing_project_returns_none_instead_of_crashing>
        <Function test_missing_project_autoheals_context_data>
        <Function test_missing_project_persists_cleanup_to_disk>
        <Function test_missing_project_emits_observability_event>
        <Function test_missing_project_only_emits_once_across_multiple_calls>
        <Function test_truncated_project_json_treated_as_missing>
        <Function test_existing_project_with_own_memory_still_returns_project_subdir>
        <Function test_existing_project_with_global_memory_returns_none>
        <Function test_no_active_project_returns_none_without_side_effect>
      <Module test_rate_limit.py>
        <Class TestBackwardCompatibleAPI>
          <Function test_check_login_rate_limit_returns_tuple>
          <Function test_check_login_rate_limit_blocks_after_limit>
          <Function test_check_api_rate_limit_returns_tuple>
          <Function test_reset_login_rate_limit_clears_limit>
          <Function test_rate_limit_response_format>
          <Function test_different_ips_have_separate_limits>
        <Class TestLegacyLimiterAPI>
          <Function test_get_login_limiter_returns_object>
          <Function test_get_api_limiter_returns_object>
          <Function test_legacy_limiter_is_allowed>
          <Function test_legacy_limiter_reset>
        <Class TestRateLimitResponse>
          <Function test_response_includes_retry_after_header>
          <Function test_response_body_contains_wait_time>
          <Function test_response_status_is_429>
      <Module test_rate_limit_coverage.py>
        <Class TestCompatCoverage>
          <Function test_rate_limit_headers_function>
          <Function test_legacy_limiter_property_lazy_init>
          <Function test_rate_limit_response_without_headers>
        <Class TestInterfacesCoverage>
          <Function test_rate_limit_config_from_env>
          <Function test_fail_mode_enum_values>
          <Function test_get_fail_mode_returns_fail_open>
          <Function test_is_production_true>
        <Class TestLimiterCoverage>
          <Function test_backend_selection_redis_unavailable_production>
          <Function test_backend_selection_redis_unavailable_dev>
          <Function test_check_creates_default_config_for_unknown_name>
          <Function test_get_info_creates_default_config_for_unknown_name>
          <Function test_health_check_method>
          <Function test_get_config_returns_none_for_unknown>
          <Function test_get_config_returns_config_for_known>
        <Class TestMemoryBackendCoverage>
          <Function test_rate_limit_exceeded_without_backoff>
          <Function test_get_info_when_blocked>
          <Function test_get_info_with_violations_extends_window>
          <Function test_cleanup_method_directly>
          <Function test_get_stats_method>
          <Function test_reset_nonexistent_key>
          <Function test_maybe_cleanup_triggered>
        <Class TestRedisBackendCoverage>
          <Function test_get_info_method>
          <Function test_get_info_empty_key>
          <Function test_get_info_blocked_entry>
          <Function test_cleanup_returns_zero>
          <Function test_reset_error_handling>
          <Function test_retry_after_no_blocked_until>
          <Function test_get_info_with_violations>
          <Function test_get_info_error_handling>
      <Module test_rate_limit_limiter.py>
        <Class TestRateLimitInfo>
          <Function test_to_headers_includes_standard_headers>
          <Function test_to_headers_includes_retry_after_when_blocked>
        <Class TestRateLimiter>
          <Function test_check_returns_tuple>
          <Function test_check_uses_named_config>
          <Function test_reset_clears_rate_limit>
          <Function test_get_info_does_not_increment>
          <Function test_different_names_have_separate_limits>
        <Class TestBackwardCompatibleAPI>
          <Function test_check_login_rate_limit_returns_tuple>
          <Function test_check_api_rate_limit_returns_tuple>
          <Function test_reset_login_rate_limit_clears_limit>
          <Function test_rate_limit_response_format>
        <Class TestGetLimiter>
          <Function test_get_limiter_returns_same_instance>
          <Function test_reset_limiter_clears_global>
        <Class TestBackendAutoSelection>
          <Function test_uses_memory_backend_in_dev>
          <Function test_respects_explicit_backend_env>
      <Module test_rate_limit_memory.py>
        <Class TestMemoryBackendBasics>
          <Function test_first_request_allowed>
          <Function test_requests_under_limit_allowed>
          <Function test_requests_over_limit_blocked>
          <Function test_window_expiry_resets_count>
          <Function test_reset_clears_entry>
        <Class TestMemoryBackendBackoff>
          <Function test_backoff_increases_on_violations>
          <Function test_backoff_capped_at_max>
        <Class TestMemoryBackendLRUEviction>
          <Function test_caps_max_entries_and_eviction>
          <Function test_lru_evicts_oldest_accessed>
          <Function test_no_memory_leak_with_many_unique_keys>
        <Class TestMemoryBackendTTL>
          <Function test_ttl_expires_entries>
        <Class TestMemoryBackendThreadSafety>
          <Function test_thread_safety_no_crash_under_load>
          <Function test_thread_safety_counter_accuracy>
        <Class TestMemoryBackendHealthCheck>
          <Function test_health_check_always_passes>
      <Module test_rate_limit_redis.py>
        <Class TestRedisBackendBasics>
          <Function test_first_request_allowed>
          <Function test_requests_under_limit_allowed>
          <Function test_requests_over_limit_blocked>
          <Function test_reset_clears_counter>
        <Class TestRedisBackendMultiWorker>
          <Function test_shared_state_between_two_limiters>
          <Function test_cumulative_blocking_across_workers>
        <Class TestRedisBackendBackoff>
          <Function test_retry_after_increases_with_backoff>
        <Class TestRedisBackendFailMode>
          <Function test_handles_redis_down_fail_closed>
          <Function test_handles_redis_down_fail_open>
        <Class TestRedisBackendHealthCheck>
          <Function test_health_check_passes_when_connected>
          <Function test_health_check_fails_when_disconnected>
        <Class TestIsRedisAvailable>
          <Function test_is_redis_available_returns_true_when_connected>
          <Function test_is_redis_available_returns_false_for_invalid_url>
      <Module test_run_ui_import_purity.py>
        <Class TestRunUiImportPurity>
          <Function test_import_run_ui_without_litellm>
          <Function test_import_run_ui_without_initialize>
          <Function test_import_run_ui_without_models>
          <Function test_create_app_without_litellm>
          <Function test_login_endpoint_without_litellm>
        <Class TestModuleLevelImportCheck>
          <Function test_litellm_not_in_sys_modules_after_import>
          <Function test_create_app_does_not_call_init_evidence>
      <Module test_scheduler_fail_closed.py>
        <Function test_scheduler_quarantines_unscoped_task>
        <Function test_scheduler_add_task_rejects_missing_scope>
        <Function test_task_serialization_roundtrip_keeps_organization>
      <Module test_scheduler_lifecycle.py>
        <Class TestQuarantineReversibility>
          <Function test_disabled_task_with_valid_scope_is_rehabilitated>
          <Function test_rehabilitation_preserves_non_scope_last_result_lines>
          <Function test_last_result_becomes_none_when_only_blocked_scope>
          <Function test_task_without_scope_stays_quarantined>
          <Function test_rehabilitation_emits_observability_event>
          <Function test_rehabilitation_emits_security_audit>
          <Function test_rehabilitation_is_idempotent>
          <Function test_idle_task_with_valid_scope_is_never_touched>
        <Class TestStaleRunningRecovery>
          <Function test_running_since_is_serialized_and_restored>
          <Function test_default_running_since_is_none>
          <Function test_stale_running_task_is_recovered_to_error>
          <Function test_fresh_running_task_is_not_touched>
          <Function test_running_task_without_running_since_is_recovered_as_legacy>
          <Function test_idle_tasks_are_never_recovered>
          <Function test_recovery_emits_observability_event>
          <Function test_recovery_ttl_is_configurable_via_env>
          <Function test_reload_triggers_stale_recovery>
        <Class TestReloadDrivenLifecycle>
          <Function test_reload_rehabilitates_externally_fixed_task>
          <Function test_json_store_claim_sets_running_since>
          <Function test_json_store_claim_conflict_preserves_running_since>
          <Function test_reload_persists_rehabilitation_to_disk>
      <Module test_session_scope_resolution.py>
        <Function test_resolve_session_scope_hydrates_org_and_workspace>
        <Function test_notification_create_denied_for_user_without_organization>
      <Module test_shell_safety.py>
        <Class TestMetacharacterDetection>
          <Function test_metacharacters_blocked[ls; rm -rf /]>
          <Function test_metacharacters_blocked[echo hello | cat /etc/passwd]>
          <Function test_metacharacters_blocked[cmd && malicious]>
          <Function test_metacharacters_blocked[echo `whoami`]>
          <Function test_metacharacters_blocked[echo $(id)]>
          <Function test_metacharacters_blocked[cat < /etc/shadow]>
          <Function test_metacharacters_blocked[data > /etc/cron.d/evil]>
          <Function test_metacharacters_blocked[cmd || fallback]>
          <Function test_metacharacters_blocked[echo "quoted"]>
          <Function test_metacharacters_blocked[echo 'quoted']>
          <Function test_metacharacters_blocked[cmd &]>
          <Function test_metacharacters_blocked[echo $HOME]>
          <Function test_metacharacters_blocked[echo ${PATH}]>
          <Function test_simple_command_allowed>
          <Function test_empty_command_blocked>
        <Class TestCommandAllowlist>
          <Function test_allowed_commands_pass[ls]>
          <Function test_allowed_commands_pass[cat]>
          <Function test_allowed_commands_pass[python]>
          <Function test_allowed_commands_pass[git]>
          <Function test_allowed_commands_pass[npm]>
          <Function test_blocked_commands_rejected[rm]>
          <Function test_blocked_commands_rejected[sudo]>
          <Function test_blocked_commands_rejected[chmod]>
          <Function test_blocked_commands_rejected[kill]>
          <Function test_blocked_commands_rejected[dd]>
          <Function test_unknown_command_rejected>
          <Function test_full_path_extracts_basename>
        <Class TestBuildSafeCommand>
          <Function test_returns_list>
          <Function test_validates_command>
          <Function test_validates_args_for_metacharacters>
          <Function test_args_validation_can_be_disabled>
        <Class TestIsSafeCommand>
          <Function test_safe_command_returns_true>
          <Function test_unsafe_command_returns_false>
        <Class TestSanitizeForLogging>
          <Function test_command_preserved>
          <Function test_secrets_masked>
          <Function test_key_value_secrets_masked>
        <Class TestBlockedCommands>
          <Function test_destructive_commands_blocked>
          <Function test_privilege_escalation_blocked>
          <Function test_process_control_blocked>
        <Class TestAllowlistCompleteness>
          <Function test_common_dev_tools_allowed>
          <Function test_read_only_tools_allowed>
        <Class TestIntegration>
          <Function test_tty_session_uses_exec_not_shell>
      <Module test_transactional_stores.py>
        <Function test_redis_task_store_claim_is_single_winner>
        <Function test_redis_notification_store_scope_and_mark_read>
      <Module test_upload_validation.py>
        <Class TestExtensionValidation>
          <Function test_executable_extensions_blocked[exe]>
          <Function test_executable_extensions_blocked[dll]>
          <Function test_executable_extensions_blocked[php]>
          <Function test_executable_extensions_blocked[jsp]>
          <Function test_executable_extensions_blocked[bat]>
          <Function test_executable_extensions_blocked[cmd]>
          <Function test_executable_extensions_blocked[msi]>
          <Function test_php_variants_blocked[php3]>
          <Function test_php_variants_blocked[php4]>
          <Function test_php_variants_blocked[php5]>
          <Function test_php_variants_blocked[phtml]>
          <Function test_php_variants_blocked[phar]>
          <Function test_safe_extensions_allowed[txt]>
          <Function test_safe_extensions_allowed[pdf]>
          <Function test_safe_extensions_allowed[png]>
          <Function test_safe_extensions_allowed[jpg]>
          <Function test_safe_extensions_allowed[json]>
          <Function test_safe_extensions_allowed[md]>
          <Function test_double_extension_checked>
          <Function test_is_extension_allowed_helper>
        <Class TestFileSizeValidation>
          <Function test_file_under_limit_allowed>
          <Function test_file_over_limit_blocked>
          <Function test_custom_size_limit>
          <Function test_file_exactly_at_limit>
        <Class TestMimeValidation>
          <Function test_png_magic_bytes_detected>
          <Function test_jpeg_magic_bytes_detected>
          <Function test_mime_mismatch_blocked>
          <Function test_mime_check_can_be_disabled>
        <Class TestFilenameValidation>
          <Function test_path_traversal_in_filename_blocked>
          <Function test_hidden_file_blocked>
          <Function test_null_byte_injection_handled>
        <Class TestBlockedExtensions>
          <Function test_executables_in_blocklist>
          <Function test_server_scripts_in_blocklist>
          <Function test_blocklist_takes_precedence>
        <Class TestEdgeCases>
          <Function test_empty_filename_rejected>
          <Function test_only_extension_filename_blocked>
          <Function test_very_long_filename_handled>
      <Module test_user_workspace.py>
        <Class TestT05_WorkspaceCreation>
          <Function test_ensure_workspace_creates_directory>
          <Function test_ensure_workspace_idempotent>
          <Function test_commun_folder_created>
        <Class TestT06_WorkspaceStructure>
          <Function test_workspace_has_documents>
          <Function test_workspace_has_rapports>
          <Function test_workspace_has_tmp>
        <Class TestT07_ReadIsolation>
          <Function test_cannot_read_other_user_file>
          <Function test_cannot_read_parent_directory>
          <Function test_can_read_own_file>
          <Function test_can_read_commun>
        <Class TestT08_WriteIsolation>
          <Function test_cannot_write_other_user_workspace>
          <Function test_cannot_write_system_path>
          <Function test_can_write_own_workspace>
          <Function test_can_write_commun>
        <Class TestT09_PathTraversal>
          <Function test_dotdot_read_rejected>
          <Function test_dotdot_write_rejected>
          <Function test_relative_path_normalized>
        <Class TestT10_SymlinkAttack>
          <Function test_symlink_to_external_dir_rejected>
        <Class TestT11_CommunAccess>
          <Function test_marie_writes_jean_reads>
        <Class TestT12_FileWriterScoped>
          <Function test_get_output_dir_returns_rapports>
        <Class TestT13_CodeExecCWD>
          <Function test_get_cwd_returns_workspace>
          <Function test_get_cwd_different_per_user>
        <Class TestT14_ChdirBlocked>
          <Function test_validate_path_in_workspace_ok>
          <Function test_validate_path_outside_workspace_rejected>
          <Function test_validate_path_other_user_rejected>
        <Class TestT15_AdminAccess>
          <Function test_admin_reads_marie_file>
          <Function test_admin_lists_all_workspaces>
        <Class TestT16_AuditTrail>
          <Function test_write_operation_logged>
          <Function test_read_operation_logged>
          <Function test_denied_operation_logged>
    <Module test_anti_bypass.py>
      <Class TestUserEntryCriticalNoSpawn>
        <Function test_medical_query_triggers_gate>
        <Function test_legal_query_triggers_gate>
        <Function test_scientific_query_triggers_gate>
        <Coroutine test_final_output_blocked_without_consensus>
        <Function test_force_consensus_false_overridden_for_critical>
      <Class TestResearchDirectBypass>
        <Function test_research_consensus_integration_requires_consensus_for_legal>
        <Function test_criticality_detected_for_research_query>
      <Class TestResponseToolGate>
        <Coroutine test_validate_final_output_blocks_unsourced>
        <Coroutine test_validate_allows_sourced_output>
      <Class TestAssertNoUnsourcedClaims>
        <Function test_no_pack_all_claims_unsourced>
        <Function test_default_domain_no_check>
      <Class TestGateLogging>
        <Function test_gate_result_has_log_entry>
        <Function test_audit_log_populated>
      <Class TestConcurrency>
        <Coroutine test_concurrent_gate_calls>
    <Module test_audit_proof_e2e.py>
      <Class TestFullPipeline>
        <Function test_session_to_risk_to_review_to_decision>
        <Function test_low_risk_skips_review>
      <Class TestReplayAfterReview>
        <Function test_replay_matches_original_after_approval>
        <Function test_replay_detects_tampering>
      <Class TestCorrelationTraceability>
        <Function test_correlation_id_propagates>
        <Function test_all_artifacts_reference_same_context>
      <Class TestCascadeFailures>
        <Function test_consensus_failure_triggers_review_triggers_rejection>
        <Function test_multiple_sessions_mixed_risk>
      <Class TestSystemInvariants>
        <Function test_snapshot_immutable_after_save>
        <Function test_review_cannot_be_decided_twice>
        <Function test_risk_score_deterministic>
        <Function test_divergence_detection_symmetric>
    <Module test_chart_image_tools.py>
      <Class TestChartRequestValidation>
        <Function test_valid_bar_chart_request>
        <Function test_valid_line_chart_request>
        <Function test_invalid_empty_values>
        <Function test_invalid_too_many_values>
        <Function test_data_label_mismatch_rejected>
        <Function test_validate_chart_request_json>
        <Function test_validate_invalid_json>
      <Class TestChartGeneration>
        <Function test_generate_bar_chart>
        <Function test_generate_pie_chart>
        <Function test_generate_chart_function>
      <Class TestImageContentPolicy>
        <Function test_blocked_violence>
        <Function test_blocked_adult_content>
        <Function test_blocked_illegal_content>
        <Function test_blocked_hate_speech>
        <Function test_allowed_normal_prompt>
        <Function test_warning_for_sensitive>
      <Class TestImageRequestValidation>
        <Function test_valid_image_request>
        <Function test_prompt_too_short_rejected>
        <Function test_policy_violation_rejected>
        <Function test_validate_image_request_json>
      <Class TestNoArbitraryExecution>
        <Function test_chart_request_no_code_field>
        <Function test_image_request_no_code_field>
        <Function test_data_series_only_numbers>
    <Module test_chat_rename.py>
      <Class TestChatRenameAuthorization>
        <Function test_owner_can_rename_own_chat>
        <Function test_owner_role_can_rename_any_org_chat>
        <Function test_member_cannot_rename_other_members_chat>
        <Function test_cross_org_rename_denied>
        <Function test_cross_org_korev_to_dica>
        <Function test_cross_org_scriptoura_to_dica>
        <Function test_missing_org_fail_closed>
      <Class TestChatRenameValidation>
        <Function test_title_stripped>
        <Function test_empty_title_after_strip>
        <Function test_long_title_truncated>
        <Function test_normal_title_preserved>
        <Function test_special_chars_preserved>
        <Function test_unicode_preserved>
        <Function test_exactly_120_chars>
      <Class TestChatRenameNonRegression>
        <Function test_rename_uses_existing_name_field>
        <Function test_poll_returns_name_field>
        <Function test_fallback_when_name_is_none>
        <Function test_fallback_when_name_is_empty>
      <Class TestMultiTenantRenameIsolation>
        <Function test_no_cross_org_rename_possible>
    <Module test_consensus_effective_votes.py>
      <Class TestVoteCountEffectiveVotes>
        <Function test_effective_votes_excludes_unavailable>
        <Function test_effective_votes_all_unavailable>
        <Function test_effective_votes_includes_abstentions>
        <Function test_decisive_votes_excludes_abstentions>
      <Class TestCanonicalConsensusScenarios>
        <Function test_all_unavailable_gives_infra_failure>
        <Function test_one_approve_two_unavailable_gives_no_consensus>
        <Function test_two_approve_one_unavailable_gives_approved>
        <Function test_two_reject_one_unavailable_gives_rejected>
        <Function test_split_vote_with_abstain_gives_no_consensus>
        <Function test_one_approve_one_abstain_one_unavailable_gives_no_consensus>
      <Class TestConsensusInvariants>
        <Function test_rejected_never_returned_without_rejections>
        <Function test_approved_never_returned_without_approvals>
        <Function test_unavailable_never_contributes_to_quorum>
        <Function test_zero_effective_votes_gives_infra_failure_not_rejected>
      <Class TestQuorumCalculation>
        <Function test_quorum_2_of_3_effective>
        <Function test_quorum_2_of_2_effective>
        <Function test_one_approve_one_reject_one_unavailable_no_consensus>
      <Class TestNormalOperationUnchanged>
        <Function test_unanimous_approve>
        <Function test_unanimous_reject>
        <Function test_two_thirds_approve>
        <Function test_two_thirds_reject>
    <Module test_consensus_entrypoint_delegation.py>
      <Coroutine test_consensus_orchestrator_delegates_to_engine>
      <Coroutine test_mcp_integration_delegates_to_engine>
      <Coroutine test_consensus_integration_delegates_to_engine>
    <Module test_consensus_fail_soft_envelope.py>
      <Function test_fail_soft_envelope_infra_failure>
    <Module test_consensus_no_simulation_prod.py>
      <Class TestNoSimulationInProduction>
        <Function test_simulation_allowed_in_dev>
        <Function test_simulation_forbidden_in_production>
        <Function test_verify_function_raises_in_production>
        <Function test_simulation_disabled_by_default>
        <Function test_default_env_is_production>
        <Function test_simulation_false_works_in_production>
        <Function test_simulation_in_test_env>
      <Class TestSimulationErrorMessage>
        <Function test_error_message_is_descriptive>
      <Class TestArbiterConfigValidation>
        <Function test_default_arbiters_configured>
        <Function test_custom_arbiters_from_env>
        <Function test_local_arbiters_for_offline>
      <Class TestNoApprovalWithoutRealVotes>
        <Function test_engine_guard_raises_in_production>
    <Module test_consensus_real.py>
      <Class TestConsensusAudit>
        <Function test_config_loading>
        <Function test_simulation_mode_auto_detection>
        <Coroutine test_consensus_simulation_flow>
      <Class TestRealConsensus>
        <Coroutine test_real_arbiter_call>
      <Class TestLegalOrchestratorConsensus>
        <Function test_legal_consensus_config>
        <Coroutine test_legal_pipeline_with_consensus>
    <Module test_contract_drafting.py>
      <Class TestContractModels>
        <Function test_severity_enum_has_p0_p1_p2>
        <Function test_gate_verdict_enum_has_approve_reject>
        <Function test_contract_section_enum_covers_all_parts>
        <Function test_leak_finding_dataclass_fields>
        <Function test_contract_draft_dataclass>
        <Function test_gate_verdict_dataclass>
        <Function test_gate_verdict_p0_implies_reject>
      <Class TestContractTemplates>
        <Function test_template_pack_exists>
        <Function test_cp_template_has_required_sections>
        <Function test_cg_template_has_ip_clause>
        <Function test_cg_template_has_no_code_source_transfer>
        <Function test_cg_template_has_liability_cap>
        <Function test_cg_template_mentions_1170_1171>
        <Function test_annexe_1_describes_software>
        <Function test_annexe_2_sla_has_p1_p2_p3>
        <Function test_annexe_3_security_has_access_controls>
        <Function test_annexe_4_dpa_conditional>
        <Function test_annexe_5_reversibility_no_code_transfer>
        <Function test_annexe_6_pricing_has_payment_terms>
        <Function test_all_templates_have_disclaimer>
        <Function test_render_template_replaces_variables>
        <Function test_render_template_leaves_missing_vars_marked>
      <Class TestLeakGuard>
        <Function test_detects_code_source_transfer>
        <Function test_detects_cession_ip>
        <Function test_detects_knowhow_transfer>
        <Function test_detects_zero_risk_guarantee>
        <Function test_detects_24_7_without_scope>
        <Function test_detects_conformite_totale>
        <Function test_clean_contract_no_p0>
        <Function test_detects_code_source_variants>
        <Function test_scan_returns_section_info>
      <Class TestGate>
        <Function test_gate_reject_on_p0>
        <Function test_gate_approve_clean_contract>
        <Function test_gate_reject_missing_disclaimer>
        <Function test_gate_p1_findings_warn_but_allow>
        <Function test_gate_fail_closed_invariant>
      <Class TestOrchestrator>
        <Function test_generate_contract_returns_draft>
        <Function test_generate_and_gate_clean_contract>
        <Function test_full_pipeline_returns_output>
        <Function test_pipeline_fail_closed_on_tampered_draft>
      <Class TestContractDraftingRouter>
        <Function test_detect_contract_drafting_intent>
        <Function test_non_contract_queries_not_matched>
      <Class TestSecurityInvariants>
        <Function test_on_prem_no_code_transfer_in_any_section>
        <Function test_dpa_conditional_on_remote_access>
        <Function test_dpa_mandatory_with_remote_support>
        <Function test_cp_primacy_over_cg>
        <Function test_liability_capped>
        <Function test_no_absolute_guarantees>
        <Function test_legal_safe_still_refuses_drafting>
      <Class TestE2EScenarios>
        <Function test_scenario_on_prem_licence_complete>
        <Function test_scenario_remote_support_forces_dpa>
        <Function test_scenario_sla_too_strong_rejected>
    <Module test_contract_drafting_hardened_v2.py>
      <Class TestTemplateVersioning>
        <Function test_all_sections_have_versions>
        <Function test_version_has_required_fields>
        <Function test_version_format_semver>
        <Function test_version_review_date_not_future>
        <Function test_stale_detection_works>
        <Function test_fresh_template_not_stale>
        <Function test_get_stale_templates_returns_list>
        <Function test_versions_summary_is_string>
        <Function test_legal_basis_present_on_all>
      <Class TestInputValidation>
        <Function test_valid_input_passes>
        <Function test_xss_injection_blocked>
        <Function test_template_injection_blocked>
        <Function test_code_execution_injection_blocked>
        <Function test_max_length_enforced>
        <Function test_missing_required_generates_warning>
        <Function test_invalid_contract_type_rejected>
        <Function test_sanitization_strips_whitespace>
        <Function test_pipeline_rejects_on_invalid_input>
      <Class TestPipelineFailClosed>
        <Function test_pipeline_never_raises>
        <Function test_gate_exception_returns_reject>
        <Function test_pipeline_reject_on_invalid_contract_type>
      <Class TestLLMFallbackFix>
        <Function test_integration_has_fail_closed_exception_handler>
        <Function test_integration_catches_generic_exception>
      <Class TestCitationVerification>
        <Function test_valid_code_civil_not_flagged>
        <Function test_citation_verification_returns_list>
        <Function test_citation_check_runs_in_gate>
      <Class TestNewLeakPatterns>
        <Function test_reverse_engineering_authorized_p0>
        <Function test_source_code_on_bankruptcy_p0>
        <Function test_source_code_audit_p0>
        <Function test_perpetual_free_license_p0>
        <Function test_sublicense_authorized_p0>
        <Function test_unlimited_indemnification_p1>
        <Function test_exclusivity_clause_p1>
        <Function test_contract_assignment_without_consent_p1>
        <Function test_pattern_count_minimum>
      <Class TestDefenseInDepthExport>
        <Function test_export_denied_if_gate_not_passed>
        <Function test_export_denied_if_rendered_empty>
        <Function test_export_stamp_includes_template_versions>
        <Function test_export_stamp_refused_on_reject>
      <Class TestSectionCompleteness>
        <Function test_missing_section_is_p0>
        <Function test_empty_section_is_p0>
        <Function test_complete_sections_no_findings>
      <Class TestAuditTrail>
        <Function test_drafting_output_has_correlation_id>
        <Function test_audit_entry_has_timestamp>
        <Function test_gate_verdict_audit_report>
      <Class TestInvariantsCrossCheck>
        <Function test_invariant_approve_implies_can_release>
        <Function test_invariant_reject_implies_no_release>
        <Function test_invariant_reject_implies_empty_contract>
        <Function test_invariant_p0_implies_reject>
        <Function test_full_pipeline_e2e_hardened>
    <Module test_contract_drafting_phase2.py>
      <Class TestLeakGuardEnrichi>
        <Function test_obligation_resultat_implicite_p0>
        <Function test_acces_depot_code_p0>
        <Function test_rgpd_sans_role_clair_p0>
        <Function test_sla_sans_exclusions_p1>
        <Function test_indexation_ambigue_p1>
        <Function test_penalites_incoherentes_p1>
        <Function test_garantit_la_conformite_p0>
        <Function test_cession_implicite_p0>
      <Class TestExportControl>
        <Function test_export_allowed_returns_true_on_pass>
        <Function test_export_blocked_on_reject>
        <Function test_export_blocked_without_gate_verdict>
        <Function test_export_stamp_contains_legal_safe>
      <Class TestGovernance>
        <Function test_decision_type_is_legal_contract>
        <Function test_multi_agent_consensus_cannot_override_legal_safe>
        <Function test_legal_safe_has_absolute_veto>
        <Function test_no_approved_without_legal_safe_pass>
      <Class TestGateAuditReport>
        <Function test_finding_has_legal_reference>
        <Function test_gate_verdict_has_audit_report>
        <Function test_audit_report_lists_all_findings>
      <Class TestScenariosAvances>
        <Function test_support_distant_non_encadre_fail>
        <Function test_support_ponctuel_logs_dpa_pass>
        <Function test_rgpd_data_access_without_dpa_flagged>
        <Function test_sla_99_9_sans_moyens_flagged>
      <Class TestVetoLegalSafeAbsolu>
        <Function test_pipeline_never_outputs_contract_on_reject>
        <Function test_pipeline_output_empty_on_fail>
        <Function test_libre_acces_systems_p0>
    <Module test_contract_drafting_tdd_strict.py>
      <Class TestLeakGuardFalsePositives>
        <Function test_responsabilite_totale_capping_is_not_p1>
        <Function test_tacite_reconduction_with_preavis_crossline_not_p1>
        <Function test_full_cg_template_zero_leak_guard_p1>
        <Function test_full_cp_template_zero_leak_guard_p1>
        <Function test_all_templates_zero_leak_guard_p0>
      <Class TestCitationNormalization>
        <Function test_code_de_commerce_full_name_captured>
        <Function test_no_duplicate_citation_findings>
        <Function test_art_d441_5_c_com_normalized>
      <Class TestTruePositivesStillDetected>
        <Function test_responsabilite_illimitee_still_p1>
        <Function test_responsabilite_sans_plafond_still_p1>
        <Function test_tacite_reconduction_without_preavis_still_p1>
        <Function test_remise_code_source_still_p0>
        <Function test_cession_de_droits_still_p0>
        <Function test_zero_risque_still_p0>
        <Function test_reverse_engineering_autorise_still_p0>
        <Function test_penalites_illimitees_still_p1>
      <Class TestE2EPipelineClean>
        <Function test_pipeline_clean_no_leak_guard_findings>
      <Class TestSecurityInvariants>
        <Function test_disclaimer_absent_always_reject>
        <Function test_p0_always_prevents_export>
        <Function test_exception_in_gate_always_reject>
        <Function test_exception_in_pipeline_always_reject>
        <Function test_export_denied_on_rescan_p0>
      <Class TestIntegrationFailClosed>
        <Function test_contract_drafting_exception_blocks_llm>
        <Function test_contract_drafting_exception_returns_refusal>
      <Class TestEdgeCases>
        <Function test_empty_sections_dict>
        <Function test_section_with_only_whitespace_is_p0>
        <Function test_unicode_in_variables_handled>
        <Function test_very_long_contract_section_scanned_completely>
        <Function test_sql_injection_in_variable_blocked>
    <Module test_control_prompt_ultra_strict.py>
      <Class TestCQ01_LegalSafeRefusesDrafting>
        <Function test_role_prompt_contains_refusal>
        <Function test_demo_shows_refusal>
      <Class TestCQ02_DraftingGuardedDraftsProperly>
        <Function test_role_prompt_has_disclaimer_rule>
        <Function test_role_prompt_forbids_legal_advice>
        <Function test_role_prompt_forbids_code_source>
        <Function test_generated_draft_has_disclaimer>
        <Function test_missing_variables_marked>
      <Class TestCQ03_GateBlocksCodeTransfer>
        <Function test_dangerous_clause_is_p0[Le prestataire proc\xe9dera \xe0 la remise du code source au Client]>
        <Function test_dangerous_clause_is_p0[Le code source sera livr\xe9 \xe0 la fin du contrat]>
        <Function test_dangerous_clause_is_p0[Acc\xe8s au repository Git du code accord\xe9 au Client]>
        <Function test_dangerous_clause_is_p0[Les sources du logiciel seront remises]>
        <Function test_dangerous_clause_is_p0[La cession de tous les droits de propri\xe9t\xe9 intellectuelle]>
        <Function test_dangerous_clause_is_p0[Transfert complet du savoir-faire technique]>
        <Function test_dangerous_clause_is_p0[Le prestataire transmet son savoir-faire au Client]>
      <Class TestCQ04_GateBlocksRGPDAmbiguity>
        <Function test_no_remote_dpa_conditional>
        <Function test_remote_dpa_mandatory>
      <Class TestCQ05_GateBlocksAbsoluteGuarantees>
        <Function test_absolute_guarantee_is_p0[garantie z\xe9ro risque-z\xe9ro risque]>
        <Function test_absolute_guarantee_is_p0[conformit\xe9 totale au RGPD-conformit\xe9 totale]>
        <Function test_absolute_guarantee_is_p0[solution sans aucune faille-sans faille]>
        <Function test_absolute_guarantee_is_p0[z\xe9ro bug garanti-z\xe9ro bug]>
      <Class TestCQ06_FailClosedInvariant>
        <Function test_reject_implies_no_release>
        <Function test_no_disclaimer_implies_reject>
        <Function test_approve_implies_can_release>
      <Class TestCQ07_TemplatesNoIPLeak>
        <Function test_all_templates_clean>
      <Class TestCQ08_CPPrimacy>
        <Function test_cp_primacy_in_contract>
      <Class TestCQ09_LiabilityCapped>
        <Function test_cg_has_liability_cap>
      <Class TestCQ10_RouterDetection>
        <Function test_contract_drafting_detected[R\xe9dige un contrat de licence entre KOREV et DICA France]>
        <Function test_contract_drafting_detected[Produire un CONTRAT pr\xeat \xe0 signature]>
        <Function test_contract_drafting_detected[Pr\xe9pare les conditions g\xe9n\xe9rales pour une licence logiciel]>
        <Function test_contract_drafting_detected[G\xe9n\xe8re un contrat de licence on-prem]>
        <Function test_contract_drafting_detected[Cr\xe9e un contrat de maintenance logiciel]>
      <Class TestCQ11_RouterNoFalsePositive>
        <Function test_info_queries_not_captured[Qu'est-ce qu'un contrat synallagmatique ?]>
        <Function test_info_queries_not_captured[Analyse les risques de ce contrat]>
        <Function test_info_queries_not_captured[Explique-moi la diff\xe9rence entre SAS et SARL]>
        <Function test_info_queries_not_captured[Quelle est la dur\xe9e de prescription en droit commercial ?]>
      <Class TestCQ12_DPAConditional>
        <Function test_dpa_not_applicable_without_remote>
      <Class TestCQ13_Annexe5NoCode>
        <Function test_annexe_5_no_code_source>
      <Class TestCQ14_E2EComplete>
        <Function test_full_pipeline_korev_dica>
      <Class TestCQ15_TamperedDraftRejected>
        <Function test_tampered_draft_rejected>
      <Class TestCQ16_SLATooStrong>
        <Function test_sla_24_7_conformite_totale>
      <Class TestCQ17_AgentProfileStructure>
        <Function test_context_file_exists>
        <Function test_role_prompt_exists>
        <Function test_communication_prompt_exists>
      <Class TestCQ19_LegalSafeIntegrity>
        <Function test_legal_safe_context_untouched>
      <Class TestCQ20_LeakGuardExhaustive>
        <Function test_all_p0_patterns_documented>
        <Function test_all_p1_patterns_documented>
    <Module test_criticality_router.py>
      <Class TestAgentProfileConsensus>
        <Function test_legal_safe_level1_bypasses_consensus>
        <Function test_researcher_level1_bypasses_consensus>
        <Function test_legal_safe_cannot_bypass>
        <Function test_default_profile_no_consensus_for_simple_query>
        <Function test_consensus_required_profiles_constant>
      <Class TestDomainDetection>
        <Function test_legal_domain_detected_english>
        <Function test_legal_domain_detected_french>
        <Function test_medical_domain_detected>
        <Function test_scientific_domain_detected>
        <Function test_finance_high_risk_detected>
        <Function test_default_domain_for_simple_query>
      <Class TestCriticalActions>
        <Function test_publish_triggers_consensus>
        <Function test_recommend_triggers_consensus>
        <Function test_diagnose_triggers_consensus>
        <Function test_conclude_triggers_consensus>
        <Function test_validate_triggers_consensus>
      <Class TestForceConsensus>
        <Function test_force_consensus_true>
        <Function test_force_consensus_overrides_detection>
      <Class TestStrictEvidenceMode>
        <Function test_legal_strict_evidence>
        <Function test_medical_strict_evidence>
        <Function test_scientific_strict_evidence>
        <Function test_default_no_strict_evidence>
      <Function test_level1_definitions_bypass_consensus[Qu'est-ce qu'un contrat synallagmatique?]>
      <Function test_level1_definitions_bypass_consensus[D\xe9finition d'un accord de confidentialit\xe9]>
      <Function test_level1_definitions_bypass_consensus[Que signifie 'faute lourde'?]>
      <Function test_level1_definitions_bypass_consensus[What is a medical diagnosis?]>
      <Function test_level1_definitions_bypass_consensus[Define risk management]>
      <Function test_level1_definitions_bypass_consensus[What is a balance sheet?]>
      <Function test_level1_definitions_bypass_consensus[C'est quoi un taux d'interet?]>
      <Function test_level1_definitions_bypass_consensus[Explain the difference between tort and contract]>
      <Function test_level1_definitions_bypass_consensus[Qu'appelle-t-on jurisprudence?]>
      <Function test_level1_definitions_bypass_consensus[Define GDPR]>
      <Function test_level1_definitions_bypass_consensus[What is an insurance premium?]>
      <Function test_level1_definitions_bypass_consensus[Explain how vaccines work]>
      <Function test_level1_definitions_bypass_consensus[Define inflation]>
      <Function test_level1_definitions_bypass_consensus[What is a mortgage?]>
      <Function test_level1_definitions_bypass_consensus[Qu'est-ce qu'une clause p\xe9nale?]>
      <Function test_level1_definitions_bypass_consensus[Explique la difference entre civil et penal]>
      <Function test_level1_definitions_bypass_consensus[What is an audit?]>
      <Function test_level1_definitions_bypass_consensus[Define market volatility]>
      <Function test_level1_definitions_bypass_consensus[C'est quoi une ordonnance m\xe9dicale?]>
      <Function test_level1_definitions_bypass_consensus[Que signifie 'due diligence'?]>
      <Function test_level3_actionables_require_consensus[Dois-je signer ce contrat de travail?]>
      <Function test_level3_actionables_require_consensus[Can I sue my employer for wrongful dismissal?]>
      <Function test_level3_actionables_require_consensus[Should I appeal this court decision?]>
      <Function test_level3_actionables_require_consensus[Je dois contester une mise en demeure, que faire?]>
      <Function test_level3_actionables_require_consensus[Should I invest all my savings in crypto?]>
      <Function test_level3_actionables_require_consensus[Peux-tu diagnostiquer mes symptomes et dire si je dois consulter?]>
      <Function test_level3_actionables_require_consensus[Faut-il publier ces conclusions maintenant?]>
      <Function test_level3_actionables_require_consensus[Quelle decision dois-je prendre pour ce litige?]>
      <Function test_level3_actionables_require_consensus[Puis-je contester cette facture medicale?]>
      <Function test_level3_actionables_require_consensus[Is it safe to approve this security change in production?]>
      <Class TestConvenienceMethods>
        <Function test_should_require_consensus>
        <Function test_detect_domain>
        <Function test_decision_type_for>
      <Class TestSingleton>
        <Function test_get_criticality_router_singleton>
        <Function test_assess_criticality_function>
    <Module test_demo_cabinet_avocats.py>
      <Class TestAxe1_FiabiliteJuridique>
        <Function test_axe1_01_unsupported_claims_rejected>
        <Function test_axe1_02_temperature_zero_enforced>
        <Function test_axe1_03_disclaimer_always_present>
        <Function test_axe1_04_low_confidence_triggers_escalation>
        <Function test_axe1_05_penal_domain_always_escalated>
        <Function test_axe1_06_restricted_activities_detected>
        <Function test_axe1_07_unknown_jurisdiction_board_rejected>
        <Function test_axe1_08_sources_required_for_operational>
      <Class TestAxe2_SecuriteContractuelle>
        <Function test_axe2_01_code_source_transfer_blocked>
        <Function test_axe2_02_ip_cession_blocked>
        <Function test_axe2_03_absolute_guarantees_detected>
        <Function test_axe2_04_p0_blocks_contract_output>
        <Function test_axe2_05_export_blocked_without_pass>
        <Function test_axe2_06_consensus_cannot_override_legal_gate>
        <Function test_axe2_07_legal_safe_veto_absolute>
        <Function test_axe2_08_templates_zero_ip_leak>
        <Function test_axe2_09_export_stamp_mentions_legal_safe>
        <Function test_axe2_10_liability_capped_in_cg>
        <Function test_axe2_11_dpa_conditional_on_remote_access>
        <Function test_axe2_12_reversibility_no_code_source>
      <Class TestAxe3_ConformiteRGPD>
        <Function test_axe3_01_rgpd_domain_recognized>
        <Function test_axe3_02_conflict_of_interest_escalated>
        <Function test_axe3_03_out_of_scope_handled>
        <Function test_axe3_04_rgpd_no_dpa_in_contract_flagged>
        <Function test_axe3_05_no_pii_in_audit_logs>
        <Function test_axe3_06_certainty_request_detected>
      <Class TestAxe4_Robustesse>
        <Function test_axe4_01_missing_disclaimer_rejected>
        <Function test_axe4_02_no_quorum_no_approval>
        <Function test_axe4_03_simulation_forbidden_in_production>
        <Function test_axe4_04_network_guard_active>
        <Function test_axe4_05_pipeline_timeouts_configured>
        <Function test_axe4_06_gate_audit_report_structured>
        <Function test_axe4_07_full_pipeline_integrity>
      <Class TestAxe5_Tracabilite>
        <Function test_axe5_01_correlation_id_unique>
        <Function test_axe5_02_verdict_reproducible>
        <Function test_axe5_03_findings_have_full_details>
        <Function test_axe5_04_audit_report_exportable>
        <Function test_axe5_05_missing_variables_marked>
        <Function test_axe5_06_decision_type_correct>
        <Function test_axe5_07_documentation_exists>
        <Function test_axe5_08_leak_guard_exhaustive>
    <Module test_docker_deploy_scripts.py>
      <Class TestScriptExistence>
        <Function test_mac_linux_script_exists>
        <Function test_windows_script_exists>
        <Function test_mac_script_is_executable>
        <Function test_installation_doc_has_docker_section>
      <Class TestMacLinuxScript>
        <Function test_has_shebang>
        <Function test_has_set_e>
        <Function test_checks_docker_installed>
        <Function test_checks_docker_running>
        <Function test_builds_image>
        <Function test_uses_correct_dockerfile>
        <Function test_uses_correct_image_name>
        <Function test_configures_env>
        <Function test_starts_container>
        <Function test_shows_access_url>
        <Function test_has_health_check>
        <Function test_no_agent_zero_branding>
        <Function test_no_hardcoded_secrets>
        <Function test_has_error_handling>
        <Function test_has_cleanup_info>
      <Class TestWindowsScript>
        <Function test_starts_with_echo_off>
        <Function test_checks_docker>
        <Function test_builds_image>
        <Function test_uses_correct_image>
        <Function test_configures_env>
        <Function test_starts_container>
        <Function test_shows_access_url>
        <Function test_no_agent_zero_branding>
        <Function test_no_hardcoded_secrets>
      <Class TestDockerComposeCoherence>
        <Function test_docker_compose_exists>
        <Function test_uses_correct_image_name>
        <Function test_no_a0_paths>
        <Function test_no_agent_zero_refs>
        <Function test_exposes_port>
        <Function test_has_restart_policy>
      <Class TestInstallationDoc>
        <Function test_has_docker_prerequisites>
        <Function test_has_one_click_instructions>
        <Function test_has_manual_steps>
        <Function test_has_stop_instructions>
        <Function test_no_agent_zero_branding>
    <Module test_dockerfile_backend_ocr.py>
      <Class TestT01_DockerfileExists>
        <Function test_dockerfile_backend_exists>
        <Function test_dockerfile_has_runtime_stage>
      <Class TestT02_PopplerRequired>
        <Function test_poppler_in_runtime_stage>
        <Function test_poppler_in_runtime_apt_block>
      <Class TestT03_TesseractRequired>
        <Function test_tesseract_ocr_in_runtime>
        <Function test_tesseract_ocr_fra_in_runtime>
        <Function test_tesseract_ocr_eng_in_runtime>
      <Class TestT04_OCRDepsGrouped>
        <Function test_tesseract_and_poppler_in_same_runtime_apt_block>
        <Function test_all_language_packs_in_same_runtime_apt_block>
      <Class TestT05_WhisperPinned>
        <Function test_whisper_in_requirements>
        <Function test_whisper_version_pinned>
      <Class TestT06_DockerBuild>
        <Function test_docker_build_succeeds>
      <Class TestT07_ContainerSmokeWhisperOcr>
        <Function test_whisper_importable>
        <Function test_pytesseract_importable>
        <Function test_pdf2image_importable>
        <Function test_tesseract_binary_present>
        <Function test_pdftoppm_binary_present>
    <Module test_document_workload.py>
      <Class TestDocumentWorkloadDetection>
        <Function test_detects_by_many_attachments>
        <Function test_detects_by_many_pdfs_and_keywords>
        <Function test_detects_by_explicit_volume_in_message>
        <Function test_non_heavy_for_small_simple_prompt>
        <Function test_keyword_detection>
      <Class TestUtilityModelRouting>
        <Function test_routes_to_chat_model_for_doc_heavy>
        <Function test_keeps_utility_model_for_normal_tasks>
    <Module test_documentation_quality.py>
      <Class TestSecurityMd>
        <Function test_file_exists>
        <Function test_minimum_length>
        <Function test_has_disclosure_policy>
        <Function test_has_scope>
        <Function test_has_contact>
        <Function test_has_response_commitment>
        <Function test_has_crypto_practices>
        <Function test_has_auth_section>
        <Function test_has_rate_limiting>
        <Function test_has_no_default_secrets_statement>
        <Function test_references_env_variables>
        <Function test_no_placeholder_text>
      <Class TestADRs>
        <Function test_adr_directory_exists>
        <Function test_minimum_adr_count>
        <Function test_required_adr_exists[ADR-001-PRISM]>
        <Function test_required_adr_exists[ADR-002-router]>
        <Function test_required_adr_exists[ADR-003-Evidence]>
        <Function test_required_adr_exists[ADR-004-LiteLLM]>
        <Function test_required_adr_exists[ADR-005-extension]>
        <Function test_adr_has_required_sections[ADR-001-PRISM]>
        <Function test_adr_has_required_sections[ADR-002-router]>
        <Function test_adr_has_required_sections[ADR-003-Evidence]>
        <Function test_adr_has_required_sections[ADR-004-LiteLLM]>
        <Function test_adr_has_required_sections[ADR-005-extension]>
        <Function test_adr_minimum_length[ADR-001-PRISM]>
        <Function test_adr_minimum_length[ADR-002-router]>
        <Function test_adr_minimum_length[ADR-003-Evidence]>
        <Function test_adr_minimum_length[ADR-004-LiteLLM]>
        <Function test_adr_minimum_length[ADR-005-extension]>
        <Function test_adr_has_date[ADR-001-PRISM]>
        <Function test_adr_has_date[ADR-002-router]>
        <Function test_adr_has_date[ADR-003-Evidence]>
        <Function test_adr_has_date[ADR-004-LiteLLM]>
        <Function test_adr_has_date[ADR-005-extension]>
        <Function test_no_placeholder_text_in_adrs>
      <Class TestGlossary>
        <Function test_file_exists>
        <Function test_minimum_length>
        <Function test_term_defined[PRISM]>
        <Function test_term_defined[Evidence]>
        <Function test_term_defined[SessionEnvelope]>
        <Function test_term_defined[RouteDecision]>
        <Function test_term_defined[IntegrityBlock]>
        <Function test_term_defined[ComplianceGrid]>
        <Function test_term_defined[ConsensusManager]>
        <Function test_term_defined[ArbiterCaller]>
        <Function test_term_defined[fail-closed]>
        <Function test_term_defined[ReplayEngine]>
        <Function test_term_defined[HumanReview]>
        <Function test_term_defined[DynamicRiskRegister]>
        <Function test_minimum_term_count>
        <Function test_no_placeholder_text>
      <Class TestC4Diagrams>
        <Function test_file_exists>
        <Function test_minimum_length>
        <Function test_has_context_diagram>
        <Function test_has_container_diagram>
        <Function test_has_component_diagram>
        <Function test_has_mermaid_blocks>
        <Function test_mermaid_blocks_are_closed>
        <Function test_mentions_key_components>
        <Function test_mentions_agent_loop>
        <Function test_no_placeholder_text>
      <Class TestCrossDocumentCoherence>
        <Function test_security_md_referenced_in_onboarding>
        <Function test_adr_directory_referenced_in_onboarding>
        <Function test_glossary_referenced_in_onboarding>
    <Module test_dynamic_risk_register.py>
      <Class TestRiskClassification>
        <Function test_low_risk_normal_session>
        <Function test_medium_risk_low_confidence>
        <Function test_high_risk_consensus_failure>
        <Function test_critical_risk_multiple_failures>
      <Class TestHumanReviewThreshold>
        <Function test_low_does_not_trigger_review>
        <Function test_high_triggers_review>
        <Function test_review_reason_includes_top_factors>
      <Class TestScoreCoherence>
        <Function test_score_bounded_0_1>
        <Function test_more_errors_higher_risk>
        <Function test_lower_confidence_higher_risk>
        <Function test_consensus_failure_increases_risk>
      <Class TestRiskFactors>
        <Function test_six_factors_always_present>
        <Function test_factor_weights_sum_to_one>
        <Function test_factor_names_are_unique>
        <Function test_factor_normalized_values_bounded>
      <Class TestSystemDashboard>
        <Function test_empty_dashboard>
        <Function test_dashboard_after_assessments>
        <Function test_dashboard_levels_count>
      <Class TestHistorization>
        <Function test_append_only_log>
        <Function test_log_entries_are_ordered>
      <Class TestFailureScenarios>
        <Function test_multiple_timeouts>
        <Function test_contradictory_agents>
        <Function test_corrupted_data_high_errors>
        <Function test_high_load_long_execution>
      <Class TestProperties>
        <Function test_idempotent_scoring>
        <Function test_monotonic_confidence>
        <Function test_assessment_id_uniqueness>
        <Function test_serialization_roundtrip>
    <Module test_email_html2text_characterization.py>
      <Class TestBasicTextExtraction>
        <Function test_simple_paragraph>
        <Function test_multiple_paragraphs>
        <Function test_plain_text_passthrough>
        <Function test_empty_html>
        <Function test_only_whitespace_html>
      <Class TestLinkPreservation>
        <Function test_link_text_and_url_preserved>
        <Function test_multiple_links>
        <Function test_link_without_href>
      <Class TestEmphasis>
        <Function test_bold_text_preserved>
        <Function test_italic_text_preserved>
        <Function test_bold_markers_present>
      <Class TestLists>
        <Function test_unordered_list>
        <Function test_ordered_list>
        <Function test_nested_list>
      <Class TestTableExtraction>
        <Function test_simple_table_content>
        <Function test_table_with_headers_and_data>
      <Class TestCidImageReplacement>
        <Function test_cid_image_replaced>
        <Function test_cid_not_in_map_ignored>
        <Function test_multiple_cid_images>
        <Function test_no_cid_map_defaults_to_empty>
      <Class TestWhitespaceNormalization>
        <Function test_no_triple_newlines>
        <Function test_result_is_stripped>
        <Function test_body_width_no_wrapping>
      <Class TestUnicodeHandling>
        <Function test_french_accents>
        <Function test_legal_french_text>
        <Function test_special_characters>
      <Class TestHtmlEntities>
        <Function test_amp_entity>
        <Function test_lt_gt_entities>
        <Function test_nbsp_entity>
      <Class TestHeadings>
        <Function test_h1_text_preserved>
        <Function test_h2_h3_text_preserved>
      <Class TestBrHr>
        <Function test_br_creates_newline>
        <Function test_hr_creates_separator>
      <Class TestCodeBlocks>
        <Function test_code_inline>
        <Function test_pre_block>
      <Class TestComplexRealWorldHtml>
        <Function test_newsletter_with_styles_and_tables>
        <Function test_deeply_nested_structure>
      <Class TestMigrationInvariants>
        <Function test_return_type_is_str>
        <Function test_output_is_stripped>
        <Function test_no_triple_newlines_invariant>
        <Function test_cid_replacement_works>
        <Function test_links_are_visible_in_output>
        <Function test_html_entities_decoded>
        <Function test_unicode_preserved>
        <Function test_empty_input_returns_empty>
        <Function test_no_exception_on_malformed_html>
    <Module test_evidence_document.py>
      <Class TestDocumentHash>
        <Function test_same_content_same_hash>
        <Function test_different_content_different_hash>
        <Function test_hash_ignores_timestamp>
        <Function test_hash_16_chars>
      <Class TestTemplateDetection>
        <Function test_template_detection_weighted[Je veux un rapport strat\xe9gique-consulting_premium]>
        <Function test_template_detection_weighted[Analyse de due diligence pour M&A-consulting_premium]>
        <Function test_template_detection_weighted[Cabinet conseil recommandation-consulting_premium]>
        <Function test_template_detection_weighted[Business case acquisition-consulting_premium]>
        <Function test_template_detection_weighted[Conclusions pour le tribunal-legal_formal]>
        <Function test_template_detection_weighted[Assignation devant le greffe-legal_formal]>
        <Function test_template_detection_weighted[Document juridique plaidoirie-legal_formal]>
        <Function test_template_detection_weighted[R\xe9dige un contrat de cession-legal_formal]>
        <Function test_template_detection_weighted[Publication scientifique peer review-scientific_academic]>
        <Function test_template_detection_weighted[\xc9tude avec m\xe9thodologie abstract-scientific_academic]>
        <Function test_template_detection_weighted[Research paper academic-scientific_academic]>
        <Function test_template_detection_weighted[Demande de brevet revendication-patent_ip]>
        <Function test_template_detection_weighted[Patent application prior art-patent_ip]>
        <Function test_template_detection_weighted[Propri\xe9t\xe9 intellectuelle invention-patent_ip]>
        <Function test_template_detection_weighted[Rapport audit commissaire aux comptes-financial_audit]>
        <Function test_template_detection_weighted[Analyse DCF valorisation-financial_audit]>
        <Function test_template_detection_weighted[Bilan compte r\xe9sultat expert comptable-financial_audit]>
        <Function test_template_detection_weighted[Note de synth\xe8se direction-executive_brief]>
        <Function test_template_detection_weighted[Executive summary board-executive_brief]>
        <Function test_template_detection_weighted[Note executive d\xe9cision-executive_brief]>
        <Function test_template_detection_weighted[Diagnostic patient clinique-medical_clinical]>
        <Function test_template_detection_weighted[Rapport m\xe9dical traitement-medical_clinical]>
        <Function test_template_detection_weighted[Ordonnance prescription consultation-medical_clinical]>
        <Function test_template_detection_weighted[Documentation technique API SDK-technical_doc]>
        <Function test_template_detection_weighted[Sp\xe9cification technique architecture-technical_doc]>
        <Function test_template_detection_weighted[README d\xe9veloppement-technical_doc]>
        <Function test_template_detection_weighted[Hello world-standard]>
        <Function test_template_detection_weighted[Cr\xe9e un fichier-standard]>
        <Function test_template_detection_weighted[Test basique-standard]>
        <Function test_word_boundary_prevents_false_match>
        <Function test_weighting_resolves_ambiguity>
      <Class TestSanitization>
        <Function test_xml_entities_escaped>
        <Function test_control_characters_removed>
        <Function test_unicode_preserved>
        <Function test_empty_input>
        <Function test_ampersand_escaping_order>
      <Class TestSpanRendering>
        <Function test_bold_span>
        <Function test_italic_span>
        <Function test_code_span>
[...]
        <Function test_verify_fails_on_modified_query>
        <Function test_verify_none_document_passes>
      <Class TestIntegrityBlockSerialization>
        <Function test_to_report_table_markdown>
        <Function test_to_dict_all_keys>
      <Class TestAuditReportRenderer>
        <Function test_render_with_all_components>
        <Function test_render_empty_when_nothing>
        <Function test_render_without_envelope>
        <Function test_render_without_tracker>
        <Function test_section_ordering>
        <Function test_footer_present>
        <Function test_integrity_hashes_match_inputs>
        <Function test_response_hash_covers_original_content>
        <Function test_fail_safe_on_broken_envelope>
      <Class TestReportSnapshot>
        <Function test_full_report_has_7_section_types>
        <Function test_full_report_has_hmac_fallback_and_sha256>
        <Function test_session_id_consistent_across_blocks>
    <Module test_session9_storage_tokens.py>
      <Class TestAuditReportStorage>
        <Function test_store_creates_md_file>
        <Function test_store_returns_none_on_empty_context>
        <Function test_store_calls_pdf_generation>
        <Function test_store_skips_pdf_when_disabled>
        <Function test_store_failsafe_on_exception>
        <Function test_generate_pdf_failsafe>
        <Function test_overwrites_existing_report>
        <Function test_md_file_has_correct_encoding>
      <Class TestReportMetadataTokens>
        <Function test_tokens_default_none>
        <Function test_from_session_with_tokens>
        <Function test_from_session_ignores_zero_tokens>
        <Function test_from_session_ignores_none_tokens>
        <Function test_tokens_in_markdown_block>
        <Function test_tokens_none_shows_dash>
        <Function test_tokens_in_to_dict>
        <Function test_large_token_counts_formatted>
        <Function test_tokens_in_json>
      <Class TestRendererTokenPropagation>
        <Function test_renderer_accepts_tokens>
        <Function test_renderer_default_tokens_none>
        <Function test_renderer_tokens_appear_in_output>
        <Function test_renderer_no_tokens_shows_dash>
      <Class TestAuditReportGenerationGuards>
        <Function test_skip_subordinate_agent>
        <Function test_skip_empty_response>
        <Function test_skip_pipeline_response>
        <Function test_classic_llm_passes_guards>
      <Class TestPipelineReportFileStorage>
        <Function test_store_report_file_delegates_to_storage>
        <Function test_store_report_file_failsafe>
      <Class TestTokenAccumulation>
        <Function test_tokens_accumulated_across_calls>
        <Function test_tokens_start_at_zero>
        <Function test_output_tokens_accumulator_pattern>
        <Function test_data_keys_start_with_underscore>
      <Class TestCleanupOnChatRemove>
        <Function test_remove_chat_deletes_audit_files>
        <Function test_remove_chat_works_without_audit_files>
      <Class TestIntegrationReportStorage>
        <Function test_full_render_and_store>
        <Function test_report_contains_all_sections>
        <Function test_report_footer_present>
      <Class TestBenchmarkOverhead>
        <Function test_report_generation_under_200ms>
        <Function test_renderer_only_under_100ms>
    <Module test_session_envelope.py>
      <Class TestSessionIdFormat>
        <Function test_format_matches_pattern>
        <Function test_date_part_is_utc_today>
        <Function test_random_part_is_unique>
        <Function test_random_part_not_sequential>
      <Class TestInstantiation>
        <Function test_default_fields_populated>
        <Function test_explicit_fields>
      <Class TestComplete>
        <Function test_complete_sets_completed_at>
        <Function test_complete_computes_duration>
        <Function test_complete_computes_integrity_hash>
        <Function test_complete_returns_self>
        <Function test_duration_non_negative>
        <Function test_duration_seconds_property>
        <Function test_duration_seconds_none_before_complete>
      <Class TestIntegrityHash>
        <Function test_deterministic>
        <Function test_changes_with_different_query>
        <Function test_changes_with_different_session_id>
        <Function test_query_none>
        <Function test_response_hash_none>
        <Function test_unicode_query>
        <Function test_none_vs_empty_string_distinguished>
        <Function test_empty_query_produces_valid_hash>
        <Function test_separator_in_query_no_collision>
        <Function test_manual_verification>
      <Class TestResolution>
        <Function test_resolve_version_with_git>
        <Function test_resolve_version_unknown_logs_warning>
        <Function test_resolve_version_runtime_error>
        <Function test_resolve_environment_label_default_empty>
        <Function test_resolve_environment_label_never_crashes>
      <Class TestEdgeCases>
        <Function test_username_none>
        <Function test_username_none_renders_dash_in_report>
        <Function test_organization_empty>
        <Function test_version_unknown_renders_warning_in_report>
        <Function test_environment_label_empty>
      <Class TestSerialization>
        <Function test_to_dict_all_keys>
        <Function test_to_report_table_markdown>
        <Function test_to_report_table_duration_in_seconds>
        <Function test_to_report_table_missing_fields>
    <Module test_strategic_contract.py>
      <Class TestStrategicDocumentDetection>
        <Function test_detect_market_study_fr>
        <Function test_detect_market_study_en>
        <Function test_detect_financial_forecast>
        <Function test_detect_pricing>
        <Function test_detect_gtm>
        <Function test_detect_tam_sam_som>
        <Function test_non_strategic_request>
        <Function test_multiple_types_detected>
      <Class TestCriticalityDetection>
        <Function test_strategic_is_high_by_default>
        <Function test_draft_is_medium>
        <Function test_internal_is_medium>
      <Class TestRequiredAgents>
        <Function test_market_study_requires_agents>
        <Function test_financial_forecast_requires_finance>
        <Function test_business_plan_requires_all>
      <Class TestValidationFailClosed>
        <Function test_string_output_fails>
        <Function test_no_sources_fails>
        <Function test_insufficient_sources_fails>
        <Function test_missing_tam_sam_som_fails>
      <Class TestValidationApproved>
        <Function test_complete_market_study_passes>
      <Class TestModelValidation>
        <Function test_claim_without_source_is_unverified>
        <Function test_claim_with_one_source_is_partial>
        <Function test_generic_citation_rejected>
        <Function test_tam_greater_than_sam>
        <Function test_tam_requires_source>
      <Class TestFailClosedResponse>
        <Function test_fail_closed_has_all_sections>
        <Function test_fail_closed_lists_requirements>
      <Class TestDocumentRequirements>
        <Function test_market_study_requirements>
        <Function test_financial_forecast_requirements>
        <Function test_due_diligence_has_highest_requirements>
      <Class TestIntegration>
        <Function test_detect_validate_workflow>
      <Class TestEvidencePrinciples>
        <Function test_no_invention_principle>
        <Function test_traceable_principle>
        <Function test_auditable_principle>
    <Module test_strategic_e2e.py>
      <Class TestStrategicDetection>
        <Function test_detect_market_study_french>
        <Function test_detect_financial_forecast_french>
        <Function test_detect_pricing_strategy>
        <Function test_detect_gtm_strategy>
        <Function test_non_strategic_queries>
      <Class TestSourceCounting>
        <Function test_count_ref_markers>
        <Function test_count_eu_sources>
        <Function test_count_eu_urls>
        <Function test_unsourced_text>
      <Class TestContentValidation>
        <Function test_validate_market_study_with_sources>
        <Function test_validate_market_study_missing_tam>
        <Function test_validate_financial_forecast_missing_scenarios>
      <Class TestE2EIntegration>
        <Coroutine test_strategic_pipeline_detection_and_routing>
        <Coroutine test_fail_closed_on_insufficient_sources>
      <Class TestRegressionPrevention>
        <Function test_strategic_detection_not_bypassed>
        <Function test_min_sources_enforced>
        <Function test_required_agents_defined>
    <Module test_strategic_orchestrator.py>
      <Class TestStrategicDocumentDetection>
        <Function test_detect_market_study_french>
        <Function test_detect_financial_forecast>
        <Function test_detect_pricing_strategy>
        <Function test_detect_gtm_plan>
        <Function test_non_strategic_query>
      <Class TestSourceCounting>
        <Function test_count_ref_citations>
        <Function test_count_institutional_sources>
        <Function test_count_urls>
        <Function test_count_year_citations>
        <Function test_empty_text_returns_zero>
      <Class TestContentValidation>
        <Function test_valid_market_study_passes>
        <Function test_unsourced_market_study_fails>
        <Function test_missing_tam_fails>
        <Function test_missing_alternatives_fails>
        <Function test_alternatives_detected_via_synonym_benchmark>
        <Function test_alternatives_detected_via_synonym_concurrent>
        <Function test_alternatives_detected_via_synonym_swot>
        <Function test_alternatives_detected_via_comparaison>
        <Function test_alternatives_detected_via_vs>
      <Class TestAgentPrompts>
        <Function test_researcher_prompt_has_sourcing_requirements>
        <Function test_finance_prompt_has_hypothesis_requirements>
        <Function test_prompt_includes_previous_responses>
      <Class TestResponseConsolidation>
        <Function test_consolidation_includes_all_agents>
        <Function test_consolidation_has_governance_section>
      <Class TestFailClosedResponse>
        <Function test_fail_closed_lists_missing_requirements>
        <Function test_fail_closed_has_actionable_suggestions>
      <Class TestOrchestratorConfiguration>
        <Function test_all_document_types_have_required_agents>
        <Function test_all_document_types_have_min_sources>
        <Function test_orchestrator_enabled_by_default>
        <Function test_orchestrator_can_be_disabled>
      <Class TestEdgeCases>
        <Function test_empty_query_not_strategic>
        <Function test_case_insensitive_detection>
        <Function test_partial_match_detection>
        <Function test_source_counting_handles_special_chars>
    <Module test_strategic_pipeline_e2e.py>
      <Class TestMarketStudyE2E>
        <Function test_e2e_market_study_detection_to_fail_closed>
        <Function test_e2e_market_study_with_proper_sources_approved>
      <Class TestFullPipelineE2E>
        <Function test_run_strategic_pipeline_fail_closed>
        <Function test_run_strategic_pipeline_non_strategic_passthrough>
      <Class TestRouteEnrichmentE2E>
        <Function test_enrichment_adds_missing_agents>
        <Function test_enrichment_forces_board_level>
        <Function test_enrichment_preserves_base_intents>
      <Class TestConvenienceFunctionsE2E>
        <Function test_should_enforce_strategic_validation>
        <Function test_get_strategic_requirements_summary>
      <Class TestErrorCasesE2E>
        <Function test_string_response_becomes_fail_closed>
        <Function test_missing_tam_sam_som_fails>
      <Class TestPolicyVersionE2E>
        <Function test_policy_version_updated>
      <Class TestIntegrationScenariosE2E>
        <Function test_scenario_investor_deck_preparation>
        <Function test_scenario_competitive_positioning>
        <Function test_scenario_simple_question_not_strategic>
    <Module test_strategic_route_decision.py>
      <Class TestRouteDecisionPersistence>
        <Function test_basic_persist>
        <Function test_ai_act_category_derived_from_finance>
        <Function test_routing_strength_high_sources>
        <Function test_routing_strength_partial_sources>
        <Function test_fail_closed_no_validation_bonus>
        <Function test_failed_agent_gets_low_score>
        <Function test_fallback_when_no_known_profile>
        <Function test_round_trip_serialization>
        <Function test_non_blocking_on_internal_error>
        <Function test_zero_sources_gives_zero_strength>
    <Module test_strict_evidence_fail_closed.py>
      <Class TestStrictEvidenceFailClosed>
        <Function test_no_sources_fails_validation>
        <Function test_insufficient_sources_legal>
        <Function test_sufficient_sources_pass>
        <Function test_claim_without_source_unsupported>
      <Class TestValidateForConsensus>
        <Function test_valid_pack_approved>
        <Function test_insufficient_pack_strict_rejected>
      <Class TestFailClosedResponse>
        <Function test_fail_closed_response_contains_domain>
        <Function test_fail_closed_response_contains_recommendations>
        <Function test_fail_closed_with_evidence_pack>
      <Class TestDomainRequirements>
        <Function test_legal_requires_primary_source>
        <Function test_medical_requires_high_reliability>
        <Function test_default_minimal_requirements>
      <Class TestClaimEvaluation>
        <Function test_claim_with_contradicting_source>
        <Function test_claim_partial_support>
    <Module test_task_planner.py>
      <Class TestSMARTGoals>
        <Coroutine test_goal_has_smart_criteria>
        <Coroutine test_goal_title_truncated>
        <Function test_create_smart_goal_helper>
      <Class TestHTNDecomposition>
        <Function test_decompose_analysis_goal>
        <Function test_decompose_creation_goal>
        <Function test_task_decompose_to_steps>
        <Function test_max_tasks_respected>
      <Class TestPrioritization>
        <Function test_priority_score_calculation>
        <Function test_high_cost_reduces_priority>
        <Function test_goal_ranking>
      <Class TestPlanModes>
        <Coroutine test_safe_mode_default>
        <Coroutine test_fast_mode_keyword>
        <Coroutine test_thorough_mode_keyword>
        <Coroutine test_explicit_mode_override>
      <Class TestCompletePlan>
        <Coroutine test_plan_has_all_components>
        <Coroutine test_execution_order_respects_dependencies>
        <Coroutine test_multi_goal_extraction>
        <Coroutine test_plan_safe_dict_no_sensitive_data>
      <Class TestPlannerStats>
        <Coroutine test_stats_updated>
        <Coroutine test_avg_tasks_calculated>
      <Class TestPlannerFallback>
        <Coroutine test_empty_query_fallback>
        <Coroutine test_very_short_query>
    <Module test_ui_no_thoughts_leak.py>
      <Function test_messages_js_filters_internal_kvps>
      <Function test_response_fallback_text_present>
    <Module test_user_entry_gate.py>
      <Class TestGateAlwaysApplied>
        <Function test_gate_applied_on_any_query>
        <Function test_gate_returns_gateresult>
      <Class TestLevel1SimpleNoConsensus>
        <Function test_simple_greeting_no_consensus>
        <Function test_definition_no_consensus>
        <Function test_simple_question_no_consensus>
        <Function test_explanation_no_consensus>
        <Function test_summary_no_consensus>
      <Class TestLevel2ProfessionalDomainDetected>
        <Function test_medical_keywords_detected_no_consensus>
        <Function test_legal_keywords_detected_no_consensus>
        <Function test_scientific_keywords_detected_no_consensus>
      <Class TestLevel3CriticalConsensusRequired>
        <Function test_medical_real_case_consensus_required>
        <Function test_medical_real_case_strict_evidence>
        <Function test_legal_real_case_consensus_required>
        <Function test_legal_real_case_consensus_even_if_domain_not_detected>
        <Function test_scientific_real_decision_consensus_required>
        <Function test_financial_real_decision_consensus_required>
      <Class TestForceConsensus>
        <Function test_force_consensus_true_always_works>
        <Function test_force_consensus_false_on_level3_triggers_override>
      <Class TestAuditTrail>
        <Function test_audit_trail_populated>
        <Function test_log_entry_has_required_fields>
      <Class TestFinalOutputGate>
        <Coroutine test_blocks_medical_output_without_consensus>
        <Coroutine test_allows_output_with_consensus>
      <Class TestZeroFalseNegativeOnCritical>
        <Function test_real_medical_scenarios>
        <Function test_real_legal_scenarios>
        <Function test_real_financial_scenarios>
    <Module test_vc_due_diligence_audit.py>
      <Class TestA_Architecture>
        <Function test_A1_fail_closed_pipeline>
        <Function test_A2_defense_in_depth_export>
        <Function test_A3_separation_of_concerns>
        <Function test_A4_no_shared_mutable_state>
      <Class TestB_Security>
        <Function test_B1_input_sanitization>
        <Function test_B2_injection_prevention>
        <Function test_B3_llm_fallback_protection>
        <Function test_B4_export_control>
        <Function test_B5_p0_invariant_consistency>
      <Class TestC_Legal>
        <Function test_C1_citation_verification_pipeline>
        <Function test_C2_template_versioning>
        <Function test_C3_disclaimer_enforcement>
        <Function test_C4_section_completeness>
      <Class TestD_CodeQuality>
        <Function test_D1_no_dead_code>
        <Function test_D2_error_handling_coverage>
        <Function test_D3_regex_precision>
        <Function test_D4_type_safety_and_docs>
      <Class TestE_TestCoverage>
        <Function test_E1_positive_path>
        <Function test_E2_negative_paths>
        <Function test_E3_regression_suite_count>

=============================== warnings summary ===============================
venv/lib/python3.11/site-packages/_pytest/config/__init__.py:852
  /Users/aminemohamed/Desktop/APP/KOREV_Oracle/KOREV_Oracle/venv/lib/python3.11/site-packages/_pytest/config/__init__.py:852: PytestAssertRewriteWarning: Module already imported so cannot be rewritten; tests.conftest_pdf
    self.import_plugin(import_spec)

venv/lib/python3.11/site-packages/_pytest/config/__init__.py:1428
  /Users/aminemohamed/Desktop/APP/KOREV_Oracle/KOREV_Oracle/venv/lib/python3.11/site-packages/_pytest/config/__init__.py:1428: PytestConfigWarning: Unknown config option: timeout
  
    self._warn_or_fail_if_strict(f"Unknown config option: {key}\n")

venv/lib/python3.11/site-packages/_pytest/config/__init__.py:1428
  /Users/aminemohamed/Desktop/APP/KOREV_Oracle/KOREV_Oracle/venv/lib/python3.11/site-packages/_pytest/config/__init__.py:1428: PytestConfigWarning: Unknown config option: timeout_method
  
    self._warn_or_fail_if_strict(f"Unknown config option: {key}\n")

tests/test_legal_pipeline_e2e.py:37
  /Users/aminemohamed/Desktop/APP/KOREV_Oracle/KOREV_Oracle/tests/test_legal_pipeline_e2e.py:37: PytestCollectionWarning: cannot collect test class 'TestConfig' because it has a __init__ constructor (from: tests/test_legal_pipeline_e2e.py)
    @dataclass

tests/test_legal_pipeline_e2e.py:48
  /Users/aminemohamed/Desktop/APP/KOREV_Oracle/KOREV_Oracle/tests/test_legal_pipeline_e2e.py:48: PytestCollectionWarning: cannot collect test class 'TestResult' because it has a __init__ constructor (from: tests/test_legal_pipeline_e2e.py)
    class TestResult(Enum):

tests/harness/fakes.py:47
  /Users/aminemohamed/Desktop/APP/KOREV_Oracle/KOREV_Oracle/tests/harness/fakes.py:47: PytestCollectionWarning: cannot collect test class 'TestClock' because it has a __init__ constructor (from: tests/test_prism_timeouts.py)
    class TestClock:

-- Docs: https://docs.pytest.org/en/stable/how-to/capture-warnings.html
======================== 3956 tests collected in 7.00s =========================
