============================= test session starts ==============================
platform darwin -- Python 3.11.12, pytest-9.0.2, pluggy-1.6.0
Korev Evidence Test Harness:
  Network Guard: ACTIVE (real LiteLLM calls blocked)
  Strict Fixtures: disabled
  Record Mode: disabled
rootdir: /Users/aminemohamed/Desktop/APP/KOREV_Oracle/KOREV_Oracle
configfile: pytest.ini
plugins: anyio-4.12.1, asyncio-1.3.0, langsmith-0.3.45, typeguard-4.4.4, jaxtyping-0.3.6, zarr-3.1.5, cov-7.0.0
asyncio: mode=Mode.AUTO, debug=False, asyncio_default_fixture_loop_scope=None, asyncio_default_test_loop_scope=function
collected 64 items

tests/test_documentation_quality.py::TestSecurityMd::test_file_exists PASSED [  1%]
tests/test_documentation_quality.py::TestSecurityMd::test_minimum_length PASSED [  3%]
tests/test_documentation_quality.py::TestSecurityMd::test_has_disclosure_policy PASSED [  4%]
tests/test_documentation_quality.py::TestSecurityMd::test_has_scope PASSED [  6%]
tests/test_documentation_quality.py::TestSecurityMd::test_has_contact PASSED [  7%]
tests/test_documentation_quality.py::TestSecurityMd::test_has_response_commitment PASSED [  9%]
tests/test_documentation_quality.py::TestSecurityMd::test_has_crypto_practices PASSED [ 10%]
tests/test_documentation_quality.py::TestSecurityMd::test_has_auth_section PASSED [ 12%]
tests/test_documentation_quality.py::TestSecurityMd::test_has_rate_limiting PASSED [ 14%]
tests/test_documentation_quality.py::TestSecurityMd::test_has_no_default_secrets_statement PASSED [ 15%]
tests/test_documentation_quality.py::TestSecurityMd::test_references_env_variables PASSED [ 17%]
tests/test_documentation_quality.py::TestSecurityMd::test_no_placeholder_text PASSED [ 18%]
tests/test_documentation_quality.py::TestADRs::test_adr_directory_exists PASSED [ 20%]
tests/test_documentation_quality.py::TestADRs::test_minimum_adr_count PASSED [ 21%]
tests/test_documentation_quality.py::TestADRs::test_required_adr_exists[ADR-001-PRISM] PASSED [ 23%]
tests/test_documentation_quality.py::TestADRs::test_required_adr_exists[ADR-002-router] PASSED [ 25%]
tests/test_documentation_quality.py::TestADRs::test_required_adr_exists[ADR-003-Evidence] PASSED [ 26%]
tests/test_documentation_quality.py::TestADRs::test_required_adr_exists[ADR-004-LiteLLM] PASSED [ 28%]
tests/test_documentation_quality.py::TestADRs::test_required_adr_exists[ADR-005-extension] PASSED [ 29%]
tests/test_documentation_quality.py::TestADRs::test_adr_has_required_sections[ADR-001-PRISM] PASSED [ 31%]
tests/test_documentation_quality.py::TestADRs::test_adr_has_required_sections[ADR-002-router] PASSED [ 32%]
tests/test_documentation_quality.py::TestADRs::test_adr_has_required_sections[ADR-003-Evidence] PASSED [ 34%]
tests/test_documentation_quality.py::TestADRs::test_adr_has_required_sections[ADR-004-LiteLLM] PASSED [ 35%]
tests/test_documentation_quality.py::TestADRs::test_adr_has_required_sections[ADR-005-extension] PASSED [ 37%]
tests/test_documentation_quality.py::TestADRs::test_adr_minimum_length[ADR-001-PRISM] PASSED [ 39%]
tests/test_documentation_quality.py::TestADRs::test_adr_minimum_length[ADR-002-router] PASSED [ 40%]
tests/test_documentation_quality.py::TestADRs::test_adr_minimum_length[ADR-003-Evidence] PASSED [ 42%]
tests/test_documentation_quality.py::TestADRs::test_adr_minimum_length[ADR-004-LiteLLM] PASSED [ 43%]
tests/test_documentation_quality.py::TestADRs::test_adr_minimum_length[ADR-005-extension] PASSED [ 45%]
tests/test_documentation_quality.py::TestADRs::test_adr_has_date[ADR-001-PRISM] PASSED [ 46%]
tests/test_documentation_quality.py::TestADRs::test_adr_has_date[ADR-002-router] PASSED [ 48%]
tests/test_documentation_quality.py::TestADRs::test_adr_has_date[ADR-003-Evidence] PASSED [ 50%]
tests/test_documentation_quality.py::TestADRs::test_adr_has_date[ADR-004-LiteLLM] PASSED [ 51%]
tests/test_documentation_quality.py::TestADRs::test_adr_has_date[ADR-005-extension] PASSED [ 53%]
tests/test_documentation_quality.py::TestADRs::test_no_placeholder_text_in_adrs PASSED [ 54%]
tests/test_documentation_quality.py::TestGlossary::test_file_exists PASSED [ 56%]
tests/test_documentation_quality.py::TestGlossary::test_minimum_length PASSED [ 57%]
tests/test_documentation_quality.py::TestGlossary::test_term_defined[PRISM] PASSED [ 59%]
tests/test_documentation_quality.py::TestGlossary::test_term_defined[Evidence] PASSED [ 60%]
tests/test_documentation_quality.py::TestGlossary::test_term_defined[SessionEnvelope] PASSED [ 62%]
tests/test_documentation_quality.py::TestGlossary::test_term_defined[RouteDecision] PASSED [ 64%]
tests/test_documentation_quality.py::TestGlossary::test_term_defined[IntegrityBlock] PASSED [ 65%]
tests/test_documentation_quality.py::TestGlossary::test_term_defined[ComplianceGrid] PASSED [ 67%]
tests/test_documentation_quality.py::TestGlossary::test_term_defined[ConsensusManager] PASSED [ 68%]
tests/test_documentation_quality.py::TestGlossary::test_term_defined[ArbiterCaller] PASSED [ 70%]
tests/test_documentation_quality.py::TestGlossary::test_term_defined[fail-closed] PASSED [ 71%]
tests/test_documentation_quality.py::TestGlossary::test_term_defined[ReplayEngine] PASSED [ 73%]
tests/test_documentation_quality.py::TestGlossary::test_term_defined[HumanReview] PASSED [ 75%]
tests/test_documentation_quality.py::TestGlossary::test_term_defined[DynamicRiskRegister] PASSED [ 76%]
tests/test_documentation_quality.py::TestGlossary::test_minimum_term_count PASSED [ 78%]
tests/test_documentation_quality.py::TestGlossary::test_no_placeholder_text PASSED [ 79%]
tests/test_documentation_quality.py::TestC4Diagrams::test_file_exists PASSED [ 81%]
tests/test_documentation_quality.py::TestC4Diagrams::test_minimum_length PASSED [ 82%]
tests/test_documentation_quality.py::TestC4Diagrams::test_has_context_diagram PASSED [ 84%]
tests/test_documentation_quality.py::TestC4Diagrams::test_has_container_diagram PASSED [ 85%]
tests/test_documentation_quality.py::TestC4Diagrams::test_has_component_diagram PASSED [ 87%]
tests/test_documentation_quality.py::TestC4Diagrams::test_has_mermaid_blocks PASSED [ 89%]
tests/test_documentation_quality.py::TestC4Diagrams::test_mermaid_blocks_are_closed PASSED [ 90%]
tests/test_documentation_quality.py::TestC4Diagrams::test_mentions_key_components PASSED [ 92%]
tests/test_documentation_quality.py::TestC4Diagrams::test_mentions_agent_loop PASSED [ 93%]
tests/test_documentation_quality.py::TestC4Diagrams::test_no_placeholder_text PASSED [ 95%]
tests/test_documentation_quality.py::TestCrossDocumentCoherence::test_security_md_referenced_in_onboarding PASSED [ 96%]
tests/test_documentation_quality.py::TestCrossDocumentCoherence::test_adr_directory_referenced_in_onboarding PASSED [ 98%]
tests/test_documentation_quality.py::TestCrossDocumentCoherence::test_glossary_referenced_in_onboarding PASSED [100%]

=============================== warnings summary ===============================
venv/lib/python3.11/site-packages/_pytest/config/__init__.py:852
  /Users/aminemohamed/Desktop/APP/KOREV_Oracle/KOREV_Oracle/venv/lib/python3.11/site-packages/_pytest/config/__init__.py:852: PytestAssertRewriteWarning: Module already imported so cannot be rewritten; tests.conftest_pdf
    self.import_plugin(import_spec)

venv/lib/python3.11/site-packages/_pytest/config/__init__.py:1428
  /Users/aminemohamed/Desktop/APP/KOREV_Oracle/KOREV_Oracle/venv/lib/python3.11/site-packages/_pytest/config/__init__.py:1428: PytestConfigWarning: Unknown config option: timeout
  
    self._warn_or_fail_if_strict(f"Unknown config option: {key}\n")

venv/lib/python3.11/site-packages/_pytest/config/__init__.py:1428
  /Users/aminemohamed/Desktop/APP/KOREV_Oracle/KOREV_Oracle/venv/lib/python3.11/site-packages/_pytest/config/__init__.py:1428: PytestConfigWarning: Unknown config option: timeout_method
  
    self._warn_or_fail_if_strict(f"Unknown config option: {key}\n")

-- Docs: https://docs.pytest.org/en/stable/how-to/capture-warnings.html
======================== 64 passed, 3 warnings in 4.32s ========================
